
[2026-02-16 13:21:38] BODAssist loaded. Learn Mode uses RecipeBookEditor to map unknown deeds into the persistent recipe book.
[2026-02-16 13:21:39] [F01][RUN] run_fill: start
[2026-02-16 13:21:39] Fill runtime: F:\Games\Ultima Online\Clients\TazUO\TazUO\LegionScripts\Utilities\BODAssist.py
[2026-02-16 13:21:39] Fill resource serial: 0x40008663
[2026-02-16 13:21:39] [F02][RUN] run_fill: config validation
[2026-02-16 13:21:39] [F03][RUN] run_fill: travel phase
[2026-02-16 13:21:39] [F03][RUN] travel_phase: recall home
[2026-02-16 13:21:39] Fill: recalling home.
[2026-02-16 13:21:45] [F03][RUN] travel_phase: close recall gump
[2026-02-16 13:21:45] [F03S][RUN] post travel phase: recall_has=False, gumps=[2124269839]
[2026-02-16 13:21:45] [F03D][RUN] delay start: travel->move (10.0s)
[2026-02-16 13:21:55] [F03D][RUN] delay end: travel->move (elapsed=10.00s)
[2026-02-16 13:21:55] [F03B][RUN] run_fill: move phase
[2026-02-16 13:21:55] [F03B][RUN] move_phase: move to crafting station
[2026-02-16 13:21:55] Pathfinding to crafting station (attempt 1/3).
[2026-02-16 13:21:58] Arrived at crafting station.
[2026-02-16 13:21:58] [F03BS][RUN] post move phase: recall_has=False, gumps=[2124269839]
[2026-02-16 13:21:58] [F03BD][RUN] delay start: move->validate_resource (10.0s)
[2026-02-16 13:22:08] [F03BD][RUN] delay end: move->validate_resource (elapsed=10.00s)
[2026-02-16 13:22:08] [F04][RUN] run_fill: validate resource container access
[2026-02-16 13:22:08] Resource container info (post-move): name='Barrel', dist=2, is_container=True
[2026-02-16 13:22:08] [F04S][RUN] post validate resource: recall_has=False, gumps=[2124269839]
[2026-02-16 13:22:08] [F04D][RUN] delay start: validate_resource->scan_bods (10.0s)
[2026-02-16 13:22:18] [F04D][RUN] delay end: validate_resource->scan_bods (elapsed=10.00s)
[2026-02-16 13:22:18] [F05][RUN] run_fill: backpack deeds found=24
[2026-02-16 13:22:18] [F05S][RUN] post scan backpack deeds: recall_has=False, gumps=[]
[2026-02-16 13:22:18] Fill selected BOD types: Blacksmith
[2026-02-16 13:22:18] [F06][RUN] run_fill: filter deeds by selected/supported type
[2026-02-16 13:22:18] Fill skip: 'Metal Container Engraving Tool' is Tinker, not selected.
[2026-02-16 13:22:18] Fill skip: 'Sewing Kit' is Tinker, not selected.
[2026-02-16 13:22:18] Fill skip: 'Clock Frame' is Tinker, not selected.
[2026-02-16 13:22:18] Fill skip: 'Tourmaline Bracelet' is Tinker, not selected.
[2026-02-16 13:22:18] Fill skip: 'Medium Crate' is Carpentry, not selected.
[2026-02-16 13:22:18] Fill skip: 'Foot Stool' is Carpentry, not selected.
[2026-02-16 13:22:18] Fill skip: 'Wooden Box' is Carpentry, not selected.
[2026-02-16 13:22:18] Fill skip: 'Wooden Box' is Carpentry, not selected.
[2026-02-16 13:22:18] Fill skip: 'Bow' unresolved profession 'Bowcraft'.
[2026-02-16 13:22:18] Fill skip: 'Studded Gloves' is Tailor, not selected.
[2026-02-16 13:22:18] Fill skip: 'Boots' is Tailor, not selected.
[2026-02-16 13:22:18] Fill skip: 'Leather Gorget' is Tailor, not selected.
[2026-02-16 13:22:18] Fill skip: 'Skullcap' is Tailor, not selected.
[2026-02-16 13:22:18] Fill skip: 'Wizard's Hat' is Tailor, not selected.
[2026-02-16 13:22:18] Fill skip: 'unknown item' unresolved profession 'unknown'.
[2026-02-16 13:22:18] [F06S][RUN] post deed filtering: recall_has=False, gumps=[]
[2026-02-16 13:22:18] [F06D][RUN] delay start: filter->process_worklist (10.0s)
[2026-02-16 13:22:28] [F06D][RUN] delay end: filter->process_worklist (elapsed=10.00s)
[2026-02-16 13:22:28] [F07][RUN] run_fill: processing worklist count=9
[2026-02-16 13:22:28] [F07S][RUN] pre run loop setup: recall_has=False, gumps=[]
[2026-02-16 13:22:28] [F07S][RUN] post run loop setup: recall_has=False, gumps=[]
[2026-02-16 13:22:28] Fill: processing 9 deed(s). Skipped 15.
[2026-02-16 13:22:28] [F07S][RUN] loop tick pre-deed: recall_has=False, gumps=[]
[2026-02-16 13:22:28] [F08][RUN] run_fill: deed 0x42012636
[2026-02-16 13:22:28] [F08S][RUN] pre fill_single_deed: recall_has=False, gumps=[]
[2026-02-16 13:22:28] [D01][PARSE] fill_single_deed: start deed=0x42012636
[2026-02-16 13:22:28] Filling Metal Kite Shield (Blacksmith) 0/10
[2026-02-16 13:22:28] [D05][PARSE] fill_single_deed: begin progress=0/10
[2026-02-16 13:22:28] [D06][PARSE] fill_single_deed: cycle=1 remaining=10
[2026-02-16 13:22:28] [D07][MATERIAL] ensure_materials_for_deed: start
[2026-02-16 13:22:28] [D07][MATERIAL] material_diag before gumps=[]
[2026-02-16 13:22:29] Opening resource container 0x40008663 for restock.
[2026-02-16 13:22:29] RestockOpen: UseObject attempt 1 sent.
[2026-02-16 13:22:30] RestockOpen: attempt 1 counts shallow=33 recursive=33
[2026-02-16 13:22:31] Resource scan items: 33
[2026-02-16 13:22:32] Restock moved-item trace: serial=0x41CAC55E, container=0x4631B20C, container_serial=0x00000000, amt=357
[2026-02-16 13:22:32] Restock result in pack: 357 (pack_any=357, resource_delta=357)
[2026-02-16 13:22:32] [D07][MATERIAL] material_diag after gumps=[]
[2026-02-16 13:22:32] [D07][MATERIAL] material_diag recall_toggle=False (before=False, after=False, recall_gid=89)
[2026-02-16 13:22:32] [D07][MATERIAL] ensure_materials_for_deed: ok
[2026-02-16 13:22:32] [D07D][MATERIAL] delay start: materials->tools (10.0s)
[2026-02-16 13:22:42] [D07D][MATERIAL] delay end: materials->tools (elapsed=10.00s)
[2026-02-16 13:22:42] [D08][TOOL] ensure_tool_for_profession: Blacksmith
[2026-02-16 13:22:42] [D08][TOOL] tool_diag craft_gump before: prof=Blacksmith, gid=0xD466EA9C, has=False, in_snapshot=False, gumps=[]
[2026-02-16 13:22:42] [D08][TOOL] tool_diag before gumps=[]
[2026-02-16 13:22:42] [D08][TOOL] tool_diag after gumps=[]
[2026-02-16 13:22:42] [D08][TOOL] tool_diag craft_gump after: prof=Blacksmith, gid=0xD466EA9C, has=False, in_snapshot=False, gumps=[]
[2026-02-16 13:22:42] [D08][TOOL] tool_diag recall_toggle=False (before=False, after=False, recall_gid=89)
[2026-02-16 13:22:42] [D08][TOOL] ensure_tool_for_profession: ok
[2026-02-16 13:22:42] [D08D][TOOL] delay start: tools->context (10.0s)
[2026-02-16 13:22:52] [D08D][TOOL] delay end: tools->context (elapsed=10.00s)
[2026-02-16 13:22:52] [D09][CONTEXT] ensure_craft_context: prof=Blacksmith, gid=0
[2026-02-16 13:22:52] [D09][CONTEXT] context_diag before: prof=Blacksmith, gid=0xD466EA9C, has=False, in_snapshot=False, gumps=[]
[2026-02-16 13:22:52] [D09][CONTEXT] context_diag before open_gump: prof=Blacksmith, gid=0xD466EA9C, has=False, in_snapshot=False, gumps=[]
[2026-02-16 13:22:52] [D09X][CONTEXT] open_with_tool: start prof=Blacksmith, expected=0xD466EA9C, before=[]
[2026-02-16 13:22:52] [D09X][CONTEXT] open_with_tool: UseObject tool serial=0x41C66E7E
[2026-02-16 13:22:52] [D09X][CONTEXT] open_with_tool: post-wait opened_gid=0xD466EA9C, expected=0xD466EA9C
[2026-02-16 13:22:52] [D09][CONTEXT] context_diag after open_gump gid=0xD466EA9C: prof=Blacksmith, gid=0xD466EA9C, has=True, in_snapshot=True, gumps=[3563514524]
[2026-02-16 13:22:52] [D09][CONTEXT] ensure_craft_context: material_select begin gid=0xD466EA9C opened_now=True apply_material=True
[2026-02-16 13:22:53] [D09][CONTEXT] context_diag post material_select gid=0xD466EA9C: prof=Blacksmith, gid=0xD466EA9C, has=True, in_snapshot=True, gumps=[3563514524]
[2026-02-16 13:22:53] [D09][CONTEXT] ensure_craft_context: ok gid=3563514524
[2026-02-16 13:22:53] [D09D][CONTEXT] delay start: context->craft (10.0s)
[2026-02-16 13:23:03] [D09D][CONTEXT] delay end: context->craft (elapsed=10.00s)
[2026-02-16 13:23:03] [D10][CRAFT] craft_n_items: target=10, gid=3563514524
[2026-02-16 13:23:03] [D09][CONTEXT] ensure_craft_context: prof=Blacksmith, gid=3563514524
[2026-02-16 13:23:03] [D09][CONTEXT] context_diag before: prof=Blacksmith, gid=0xD466EA9C, has=True, in_snapshot=True, gumps=[3563514524]
[2026-02-16 13:23:03] [D09][CONTEXT] context_diag before open_gump: prof=Blacksmith, gid=0xD466EA9C, has=True, in_snapshot=True, gumps=[3563514524]
[2026-02-16 13:23:03] [D09X][CONTEXT] open_with_tool: start prof=Blacksmith, expected=0xD466EA9C, before=[3563514524]
[2026-02-16 13:23:03] [D09X][CONTEXT] open_with_tool: UseObject tool serial=0x41C66E7E
[2026-02-16 13:23:03] [D09X][CONTEXT] open_with_tool: post-wait opened_gid=0xD466EA9C, expected=0xD466EA9C
[2026-02-16 13:23:03] [D09][CONTEXT] context_diag after open_gump gid=0xD466EA9C: prof=Blacksmith, gid=0xD466EA9C, has=True, in_snapshot=True, gumps=[3563514524]
[2026-02-16 13:23:03] [D09][CONTEXT] ensure_craft_context: material_select begin gid=0xD466EA9C opened_now=True apply_material=False
[2026-02-16 13:23:05] [D09][CONTEXT] ensure_craft_context: gump closed after material_select gid=0xD466EA9C
[2026-02-16 13:23:05] [D09][CONTEXT] ensure_craft_context: prof=Blacksmith, gid=0
[2026-02-16 13:23:05] [D09][CONTEXT] context_diag before: prof=Blacksmith, gid=0xD466EA9C, has=False, in_snapshot=False, gumps=[]
[2026-02-16 13:23:05] [D09][CONTEXT] context_diag before open_gump: prof=Blacksmith, gid=0xD466EA9C, has=False, in_snapshot=False, gumps=[]
[2026-02-16 13:23:05] [D09X][CONTEXT] open_with_tool: start prof=Blacksmith, expected=0xD466EA9C, before=[]
[2026-02-16 13:23:05] [D09X][CONTEXT] open_with_tool: UseObject tool serial=0x41C66E7E
[2026-02-16 13:23:08] [D09X][CONTEXT] open_with_tool: post-wait opened_gid=0x00000000, expected=0xD466EA9C
[2026-02-16 13:23:08] [D09X][CONTEXT] open_with_tool: UseObject tool serial=0x41C66E7E
[2026-02-16 13:23:11] [D09X][CONTEXT] open_with_tool: post-wait opened_gid=0x00000000, expected=0xD466EA9C
[2026-02-16 13:23:11] [D09X][CONTEXT] open_with_tool: UseObject tool serial=0x41C66E7E
[2026-02-16 13:23:14] [D09X][CONTEXT] open_with_tool: post-wait opened_gid=0x00000000, expected=0xD466EA9C
[2026-02-16 13:23:14] [D09X][CONTEXT] open_with_tool: fail prof=Blacksmith, expected=0xD466EA9C, after=[]
[2026-02-16 13:23:14] OpenCraft: failed to open Blacksmith gump 0xD466EA9C; gumps before=[] after=[].
[2026-02-16 13:23:14] [D09][CONTEXT] context_diag after open_gump gid=0x00000000: prof=Blacksmith, gid=0xD466EA9C, has=False, in_snapshot=False, gumps=[]
[2026-02-16 13:23:14] [D09][CONTEXT] ensure_craft_context: open_gump fail
[2026-02-16 13:23:14] [D10][CRAFT] craft_n_items: done crafted=0/10 last_err=open_gump
[2026-02-16 13:23:14] Stopping deed after repeated failure: open_gump.
[2026-02-16 13:23:14] [D06][PARSE] fill_single_deed: cycle=2 remaining=10
[2026-02-16 13:23:14] [D07][MATERIAL] ensure_materials_for_deed: start
[2026-02-16 13:23:14] [D07][MATERIAL] material_diag before gumps=[]
[2026-02-16 13:23:15] [D07][MATERIAL] material_diag after gumps=[]
[2026-02-16 13:23:15] [D07][MATERIAL] material_diag recall_toggle=False (before=False, after=False, recall_gid=89)
[2026-02-16 13:23:15] [D07][MATERIAL] ensure_materials_for_deed: ok
[2026-02-16 13:23:15] [D07D][MATERIAL] delay start: materials->tools (10.0s)
[2026-02-16 13:23:19] [D07D][MATERIAL] delay end: materials->tools (elapsed=4.37s)
[2026-02-16 13:23:19] [D08][TOOL] ensure_tool_for_profession: Blacksmith
[2026-02-16 13:23:19] [D08][TOOL] tool_diag craft_gump before: prof=Blacksmith, gid=0xD466EA9C, has=False, in_snapshot=False, gumps=[]
[2026-02-16 13:23:19] [D08][TOOL] tool_diag before gumps=[]
[2026-02-16 13:23:19] [D08][TOOL] tool_diag after gumps=[]
[2026-02-16 13:23:19] [D08][TOOL] tool_diag craft_gump after: prof=Blacksmith, gid=0xD466EA9C, has=False, in_snapshot=False, gumps=[]
[2026-02-16 13:23:19] [D08][TOOL] tool_diag recall_toggle=False (before=False, after=False, recall_gid=89)
[2026-02-16 13:23:19] [D08][TOOL] ensure_tool_for_profession: ok
[2026-02-16 13:23:19] [D08D][TOOL] delay start: tools->context (10.0s)
[2026-02-16 13:23:22] [D08D][TOOL] delay end: tools->context (elapsed=3.01s)
[2026-02-16 13:23:22] [D09][CONTEXT] ensure_craft_context: prof=Blacksmith, gid=0
[2026-02-16 13:23:22] [D09][CONTEXT] context_diag before: prof=Blacksmith, gid=0xD466EA9C, has=False, in_snapshot=False, gumps=[]
[2026-02-16 13:23:22] [D09][CONTEXT] context_diag before open_gump: prof=Blacksmith, gid=0xD466EA9C, has=False, in_snapshot=False, gumps=[]
[2026-02-16 13:23:22] [D09X][CONTEXT] open_with_tool: start prof=Blacksmith, expected=0xD466EA9C, before=[]
[2026-02-16 13:23:22] [D09][CONTEXT] context_diag after open_gump gid=0x00000000: prof=Blacksmith, gid=0xD466EA9C, has=False, in_snapshot=False, gumps=[]
[2026-02-16 13:23:22] [D09][CONTEXT] ensure_craft_context: open_gump fail
[2026-02-16 13:23:22] Could not open Blacksmith gump.
[2026-02-16 13:23:22] Stopping deed after repeated failure: open_gump.
[2026-02-16 13:23:22] [F08D][RUN] delay start: deed->next_deed (10.0s)
[2026-02-16 13:23:32] [F08D][RUN] delay end: deed->next_deed (elapsed=10.00s)
[2026-02-16 13:23:32] Fill interrupted.
[2026-02-16 13:23:32] [F09][RUN] run_fill: salvage cycle
[2026-02-16 13:23:32] Fill pass complete.
[2026-02-16 13:23:32] [F10][RUN] run_fill: complete
[2026-02-16 13:29:33] BODAssist loaded. Learn Mode uses RecipeBookEditor to map unknown deeds into the persistent recipe book.
[2026-02-16 13:29:35] [F01][RUN] run_fill: start
[2026-02-16 13:29:35] Fill runtime: F:\Games\Ultima Online\Clients\TazUO\TazUO\LegionScripts\Utilities\BODAssist.py
[2026-02-16 13:29:35] Fill resource serial: 0x40008663
[2026-02-16 13:29:35] [F02][RUN] run_fill: config validation
[2026-02-16 13:29:35] [F03][RUN] run_fill: travel phase
[2026-02-16 13:29:35] [F03][RUN] travel_phase: recall home
[2026-02-16 13:29:35] Fill: recalling home.
[2026-02-16 13:29:41] [F03][RUN] travel_phase: close recall gump
[2026-02-16 13:29:41] [F03S][RUN] post travel phase: recall_has=False, gumps=[]
[2026-02-16 13:29:41] [F03D][RUN] delay start: travel->move (10.0s)
[2026-02-16 13:29:51] [F03D][RUN] delay end: travel->move (elapsed=10.00s)
[2026-02-16 13:29:51] [F03B][RUN] run_fill: move phase
[2026-02-16 13:29:51] [F03B][RUN] move_phase: move to crafting station
[2026-02-16 13:29:51] Pathfinding to crafting station (attempt 1/3).
[2026-02-16 13:29:53] Arrived at crafting station.
[2026-02-16 13:29:54] [F03BS][RUN] post move phase: recall_has=False, gumps=[]
[2026-02-16 13:29:54] [F03BD][RUN] delay start: move->validate_resource (10.0s)
[2026-02-16 13:30:04] [F03BD][RUN] delay end: move->validate_resource (elapsed=10.00s)
[2026-02-16 13:30:04] [F04][RUN] run_fill: validate resource container access
[2026-02-16 13:30:04] Resource container info (post-move): name='Barrel', dist=2, is_container=True
[2026-02-16 13:30:04] [F04S][RUN] post validate resource: recall_has=False, gumps=[]
[2026-02-16 13:30:04] [F04D][RUN] delay start: validate_resource->scan_bods (10.0s)
[2026-02-16 13:30:14] [F04D][RUN] delay end: validate_resource->scan_bods (elapsed=10.00s)
[2026-02-16 13:30:14] [F05][RUN] run_fill: backpack deeds found=24
[2026-02-16 13:30:14] [F05S][RUN] post scan backpack deeds: recall_has=False, gumps=[]
[2026-02-16 13:30:14] Fill selected BOD types: Blacksmith
[2026-02-16 13:30:14] [F06][RUN] run_fill: filter deeds by selected/supported type
[2026-02-16 13:30:14] Fill skip: 'Metal Container Engraving Tool' is Tinker, not selected.
[2026-02-16 13:30:14] Fill skip: 'Sewing Kit' is Tinker, not selected.
[2026-02-16 13:30:14] Fill skip: 'Clock Frame' is Tinker, not selected.
[2026-02-16 13:30:14] Fill skip: 'Tourmaline Bracelet' is Tinker, not selected.
[2026-02-16 13:30:14] Fill skip: 'Medium Crate' is Carpentry, not selected.
[2026-02-16 13:30:14] Fill skip: 'Foot Stool' is Carpentry, not selected.
[2026-02-16 13:30:14] Fill skip: 'Wooden Box' is Carpentry, not selected.
[2026-02-16 13:30:14] Fill skip: 'Wooden Box' is Carpentry, not selected.
[2026-02-16 13:30:14] Fill skip: 'Bow' unresolved profession 'Bowcraft'.
[2026-02-16 13:30:14] Fill skip: 'Studded Gloves' is Tailor, not selected.
[2026-02-16 13:30:14] Fill skip: 'Boots' is Tailor, not selected.
[2026-02-16 13:30:14] Fill skip: 'Leather Gorget' is Tailor, not selected.
[2026-02-16 13:30:14] Fill skip: 'Skullcap' is Tailor, not selected.
[2026-02-16 13:30:14] Fill skip: 'Wizard's Hat' is Tailor, not selected.
[2026-02-16 13:30:14] Fill skip: 'unknown item' unresolved profession 'unknown'.
[2026-02-16 13:30:14] [F06S][RUN] post deed filtering: recall_has=False, gumps=[]
[2026-02-16 13:30:14] [F06D][RUN] delay start: filter->process_worklist (10.0s)
[2026-02-16 13:30:24] [F06D][RUN] delay end: filter->process_worklist (elapsed=10.00s)
[2026-02-16 13:30:24] [F07][RUN] run_fill: processing worklist count=9
[2026-02-16 13:30:24] [F07S][RUN] pre run loop setup: recall_has=False, gumps=[]
[2026-02-16 13:30:24] [F07S][RUN] post run loop setup: recall_has=False, gumps=[]
[2026-02-16 13:30:24] Fill: processing 9 deed(s). Skipped 15.
[2026-02-16 13:30:24] [F07S][RUN] loop tick pre-deed: recall_has=False, gumps=[]
[2026-02-16 13:30:24] [F08][RUN] run_fill: deed 0x42012636
[2026-02-16 13:30:24] [F08S][RUN] pre fill_single_deed: recall_has=False, gumps=[]
[2026-02-16 13:30:24] [D01][PARSE] fill_single_deed: start deed=0x42012636
[2026-02-16 13:30:24] Filling Metal Kite Shield (Blacksmith) 0/10
[2026-02-16 13:30:24] [D05][PARSE] fill_single_deed: begin progress=0/10
[2026-02-16 13:30:24] [D06][PARSE] fill_single_deed: cycle=1 remaining=10
[2026-02-16 13:30:24] [D07][MATERIAL] ensure_materials_for_deed: start
[2026-02-16 13:30:24] [D07][MATERIAL] material_diag before gumps=[]
[2026-02-16 13:30:25] Opening resource container 0x40008663 for restock.
[2026-02-16 13:30:25] RestockOpen: UseObject attempt 1 sent.
[2026-02-16 13:30:26] RestockOpen: attempt 1 counts shallow=33 recursive=33
[2026-02-16 13:30:26] Resource scan items: 33
[2026-02-16 13:30:28] Restock moved-item trace: serial=0x41CAC55E, container=0x4631B20C, container_serial=0x00000000, amt=357
[2026-02-16 13:30:28] Restock result in pack: 357 (pack_any=357, resource_delta=357)
[2026-02-16 13:30:28] [D07][MATERIAL] material_diag after gumps=[]
[2026-02-16 13:30:28] [D07][MATERIAL] material_diag recall_toggle=False (before=False, after=False, recall_gid=89)
[2026-02-16 13:30:28] [D07][MATERIAL] ensure_materials_for_deed: ok
[2026-02-16 13:30:28] [D07D][MATERIAL] delay start: materials->tools (10.0s)
[2026-02-16 13:30:38] [D07D][MATERIAL] delay end: materials->tools (elapsed=10.00s)
[2026-02-16 13:30:38] [D08][TOOL] ensure_tool_for_profession: Blacksmith
[2026-02-16 13:30:38] [D08][TOOL] tool_diag craft_gump before: prof=Blacksmith, gid=0xD466EA9C, has=False, in_snapshot=False, gumps=[]
[2026-02-16 13:30:38] [D08][TOOL] tool_diag before gumps=[]
[2026-02-16 13:30:38] [D08][TOOL] tool_diag after gumps=[]
[2026-02-16 13:30:38] [D08][TOOL] tool_diag craft_gump after: prof=Blacksmith, gid=0xD466EA9C, has=False, in_snapshot=False, gumps=[]
[2026-02-16 13:30:38] [D08][TOOL] tool_diag recall_toggle=False (before=False, after=False, recall_gid=89)
[2026-02-16 13:30:38] [D08][TOOL] ensure_tool_for_profession: ok
[2026-02-16 13:30:38] [D08D][TOOL] delay start: tools->context (10.0s)
[2026-02-16 13:30:48] [D08D][TOOL] delay end: tools->context (elapsed=10.00s)
[2026-02-16 13:30:48] [D09][CONTEXT] ensure_craft_context: prof=Blacksmith, gid=0
[2026-02-16 13:30:48] [D09][CONTEXT] context_diag before: prof=Blacksmith, gid=0xD466EA9C, has=False, in_snapshot=False, gumps=[]
[2026-02-16 13:30:48] [D09][CONTEXT] context_diag before open_gump: prof=Blacksmith, gid=0xD466EA9C, has=False, in_snapshot=False, gumps=[]
[2026-02-16 13:30:48] [D09X][CONTEXT] open_with_tool: start prof=Blacksmith, expected=0xD466EA9C, before=[]
[2026-02-16 13:30:48] [D09X][CONTEXT] open_with_tool: UseObject tool serial=0x41C66E7E
[2026-02-16 13:30:48] [D09X][CONTEXT] open_with_tool: post-wait opened_gid=0xD466EA9C, expected=0xD466EA9C
[2026-02-16 13:30:48] [D09][CONTEXT] context_diag after open_gump gid=0xD466EA9C: prof=Blacksmith, gid=0xD466EA9C, has=True, in_snapshot=True, gumps=[3563514524]
[2026-02-16 13:30:48] [D09][CONTEXT] ensure_craft_context: material_select begin gid=0xD466EA9C opened_now=True apply_material=True
[2026-02-16 13:30:49] [D09][CONTEXT] context_diag post material_select gid=0xD466EA9C: prof=Blacksmith, gid=0xD466EA9C, has=True, in_snapshot=True, gumps=[3563514524]
[2026-02-16 13:30:49] [D09][CONTEXT] ensure_craft_context: ok gid=3563514524
[2026-02-16 13:30:49] [D09D][CONTEXT] delay start: context->craft (10.0s)
[2026-02-16 13:30:59] [D09D][CONTEXT] delay end: context->craft (elapsed=10.00s)
[2026-02-16 13:30:59] [D10][CRAFT] craft_n_items: target=10, gid=3563514524
[2026-02-16 13:30:59] [D09][CONTEXT] ensure_craft_context: prof=Blacksmith, gid=3563514524
[2026-02-16 13:30:59] [D09][CONTEXT] context_diag before: prof=Blacksmith, gid=0xD466EA9C, has=True, in_snapshot=True, gumps=[3563514524]
[2026-02-16 13:30:59] [D09][CONTEXT] ensure_craft_context: material_select skipped gid=0xD466EA9C apply_material=False
[2026-02-16 13:30:59] [D09][CONTEXT] context_diag post material_select gid=0xD466EA9C: prof=Blacksmith, gid=0xD466EA9C, has=True, in_snapshot=True, gumps=[3563514524]
[2026-02-16 13:30:59] [D09][CONTEXT] ensure_craft_context: ok gid=3563514524
[2026-02-16 13:31:02] [D09][CONTEXT] ensure_craft_context: prof=Blacksmith, gid=3563514524
[2026-02-16 13:31:02] [D09][CONTEXT] context_diag before: prof=Blacksmith, gid=0xD466EA9C, has=True, in_snapshot=True, gumps=[3563514524]
[2026-02-16 13:31:02] [D09][CONTEXT] ensure_craft_context: material_select skipped gid=0xD466EA9C apply_material=False
[2026-02-16 13:31:02] [D09][CONTEXT] context_diag post material_select gid=0xD466EA9C: prof=Blacksmith, gid=0xD466EA9C, has=True, in_snapshot=True, gumps=[3563514524]
[2026-02-16 13:31:02] [D09][CONTEXT] ensure_craft_context: ok gid=3563514524
[2026-02-16 13:31:04] [D09][CONTEXT] ensure_craft_context: prof=Blacksmith, gid=3563514524
[2026-02-16 13:31:04] [D09][CONTEXT] context_diag before: prof=Blacksmith, gid=0xD466EA9C, has=True, in_snapshot=True, gumps=[3563514524]
[2026-02-16 13:31:04] [D09][CONTEXT] ensure_craft_context: material_select skipped gid=0xD466EA9C apply_material=False
[2026-02-16 13:31:04] [D09][CONTEXT] context_diag post material_select gid=0xD466EA9C: prof=Blacksmith, gid=0xD466EA9C, has=True, in_snapshot=True, gumps=[3563514524]
[2026-02-16 13:31:04] [D09][CONTEXT] ensure_craft_context: ok gid=3563514524
[2026-02-16 13:31:07] [D09][CONTEXT] ensure_craft_context: prof=Blacksmith, gid=3563514524
[2026-02-16 13:31:07] [D09][CONTEXT] context_diag before: prof=Blacksmith, gid=0xD466EA9C, has=True, in_snapshot=True, gumps=[3563514524]
[2026-02-16 13:31:07] [D09][CONTEXT] ensure_craft_context: material_select skipped gid=0xD466EA9C apply_material=False
[2026-02-16 13:31:07] [D09][CONTEXT] context_diag post material_select gid=0xD466EA9C: prof=Blacksmith, gid=0xD466EA9C, has=True, in_snapshot=True, gumps=[3563514524]
[2026-02-16 13:31:07] [D09][CONTEXT] ensure_craft_context: ok gid=3563514524
[2026-02-16 13:31:09] [D09][CONTEXT] ensure_craft_context: prof=Blacksmith, gid=3563514524
[2026-02-16 13:31:09] [D09][CONTEXT] context_diag before: prof=Blacksmith, gid=0xD466EA9C, has=True, in_snapshot=True, gumps=[3563514524]
[2026-02-16 13:31:09] [D09][CONTEXT] ensure_craft_context: material_select skipped gid=0xD466EA9C apply_material=False
[2026-02-16 13:31:09] [D09][CONTEXT] context_diag post material_select gid=0xD466EA9C: prof=Blacksmith, gid=0xD466EA9C, has=True, in_snapshot=True, gumps=[3563514524]
[2026-02-16 13:31:09] [D09][CONTEXT] ensure_craft_context: ok gid=3563514524
[2026-02-16 13:31:11] [D09][CONTEXT] ensure_craft_context: prof=Blacksmith, gid=3563514524
[2026-02-16 13:31:11] [D09][CONTEXT] context_diag before: prof=Blacksmith, gid=0xD466EA9C, has=True, in_snapshot=True, gumps=[3563514524]
[2026-02-16 13:31:11] [D09][CONTEXT] ensure_craft_context: material_select skipped gid=0xD466EA9C apply_material=False
[2026-02-16 13:31:11] [D09][CONTEXT] context_diag post material_select gid=0xD466EA9C: prof=Blacksmith, gid=0xD466EA9C, has=True, in_snapshot=True, gumps=[3563514524]
[2026-02-16 13:31:11] [D09][CONTEXT] ensure_craft_context: ok gid=3563514524
[2026-02-16 13:31:14] [D09][CONTEXT] ensure_craft_context: prof=Blacksmith, gid=3563514524
[2026-02-16 13:31:14] [D09][CONTEXT] context_diag before: prof=Blacksmith, gid=0xD466EA9C, has=True, in_snapshot=True, gumps=[3563514524]
[2026-02-16 13:31:14] [D09][CONTEXT] ensure_craft_context: material_select skipped gid=0xD466EA9C apply_material=False
[2026-02-16 13:31:14] [D09][CONTEXT] context_diag post material_select gid=0xD466EA9C: prof=Blacksmith, gid=0xD466EA9C, has=True, in_snapshot=True, gumps=[3563514524]
[2026-02-16 13:31:14] [D09][CONTEXT] ensure_craft_context: ok gid=3563514524
[2026-02-16 13:31:16] [D09][CONTEXT] ensure_craft_context: prof=Blacksmith, gid=3563514524
[2026-02-16 13:31:16] [D09][CONTEXT] context_diag before: prof=Blacksmith, gid=0xD466EA9C, has=True, in_snapshot=True, gumps=[3563514524]
[2026-02-16 13:31:16] [D09][CONTEXT] ensure_craft_context: material_select skipped gid=0xD466EA9C apply_material=False
[2026-02-16 13:31:16] [D09][CONTEXT] context_diag post material_select gid=0xD466EA9C: prof=Blacksmith, gid=0xD466EA9C, has=True, in_snapshot=True, gumps=[3563514524]
[2026-02-16 13:31:16] [D09][CONTEXT] ensure_craft_context: ok gid=3563514524
[2026-02-16 13:31:18] [D09][CONTEXT] ensure_craft_context: prof=Blacksmith, gid=3563514524
[2026-02-16 13:31:18] [D09][CONTEXT] context_diag before: prof=Blacksmith, gid=0xD466EA9C, has=False, in_snapshot=False, gumps=[]
[2026-02-16 13:31:18] [D09][CONTEXT] context_diag before open_gump: prof=Blacksmith, gid=0xD466EA9C, has=False, in_snapshot=False, gumps=[]
[2026-02-16 13:31:18] [D09X][CONTEXT] open_with_tool: start prof=Blacksmith, expected=0xD466EA9C, before=[]
[2026-02-16 13:31:18] [D09X][CONTEXT] open_with_tool: UseObject tool serial=0x41C631DE
[2026-02-16 13:31:19] [D09X][CONTEXT] open_with_tool: post-wait opened_gid=0xD466EA9C, expected=0xD466EA9C
[2026-02-16 13:31:19] [D09][CONTEXT] context_diag after open_gump gid=0xD466EA9C: prof=Blacksmith, gid=0xD466EA9C, has=True, in_snapshot=True, gumps=[3563514524]
[2026-02-16 13:31:19] [D09][CONTEXT] ensure_craft_context: material_select skipped gid=0xD466EA9C apply_material=False
[2026-02-16 13:31:19] [D09][CONTEXT] context_diag post material_select gid=0xD466EA9C: prof=Blacksmith, gid=0xD466EA9C, has=True, in_snapshot=True, gumps=[3563514524]
[2026-02-16 13:31:19] [D09][CONTEXT] ensure_craft_context: ok gid=3563514524
[2026-02-16 13:31:19] [D09][CONTEXT] ensure_craft_context: prof=Blacksmith, gid=3563514524
[2026-02-16 13:31:19] [D09][CONTEXT] context_diag before: prof=Blacksmith, gid=0xD466EA9C, has=True, in_snapshot=True, gumps=[3563514524]
[2026-02-16 13:31:19] [D09][CONTEXT] ensure_craft_context: material_select skipped gid=0xD466EA9C apply_material=False
[2026-02-16 13:31:19] [D09][CONTEXT] context_diag post material_select gid=0xD466EA9C: prof=Blacksmith, gid=0xD466EA9C, has=True, in_snapshot=True, gumps=[3563514524]
[2026-02-16 13:31:19] [D09][CONTEXT] ensure_craft_context: ok gid=3563514524
[2026-02-16 13:31:21] [D09][CONTEXT] ensure_craft_context: prof=Blacksmith, gid=3563514524
[2026-02-16 13:31:21] [D09][CONTEXT] context_diag before: prof=Blacksmith, gid=0xD466EA9C, has=True, in_snapshot=True, gumps=[3563514524]
[2026-02-16 13:31:21] [D09][CONTEXT] ensure_craft_context: material_select skipped gid=0xD466EA9C apply_material=False
[2026-02-16 13:31:21] [D09][CONTEXT] context_diag post material_select gid=0xD466EA9C: prof=Blacksmith, gid=0xD466EA9C, has=True, in_snapshot=True, gumps=[3563514524]
[2026-02-16 13:31:21] [D09][CONTEXT] ensure_craft_context: ok gid=3563514524
[2026-02-16 13:31:23] [D10][CRAFT] craft_n_items: done crafted=10/10 last_err=none
[2026-02-16 13:31:23] [D10D][CRAFT] delay start: craft->combine (10.0s)
[2026-02-16 13:31:33] [D10D][CRAFT] delay end: craft->combine (elapsed=10.00s)
[2026-02-16 13:31:33] [D11][COMBINE] combine_and_recount: deed=0x42012636
[2026-02-16 13:31:34] [D11][COMBINE] combine_and_recount: progress=10/10
[2026-02-16 13:31:34] [D11D][COMBINE] delay start: combine->progress_check (10.0s)
[2026-02-16 13:31:44] [D11D][COMBINE] delay end: combine->progress_check (elapsed=10.00s)
[2026-02-16 13:31:44] Deed progress: 10/10
[2026-02-16 13:31:44] [D12][PARSE] fill_single_deed: loop progress=10/10
[2026-02-16 13:31:44] [D13][PARSE] fill_single_deed: done=True
[2026-02-16 13:31:44] [F08D][RUN] delay start: deed->next_deed (10.0s)
[2026-02-16 13:31:54] [F08D][RUN] delay end: deed->next_deed (elapsed=10.00s)
[2026-02-16 13:31:54] [F07S][RUN] loop tick pre-deed: recall_has=False, gumps=[3563514524]
[2026-02-16 13:31:54] [F08][RUN] run_fill: deed 0x42012612
[2026-02-16 13:31:54] [F08S][RUN] pre fill_single_deed: recall_has=False, gumps=[3563514524]
[2026-02-16 13:31:54] [D01][PARSE] fill_single_deed: start deed=0x42012612
[2026-02-16 13:31:54] Learn Mode (manual): enter mapping for 'Norse Helm'.
[2026-02-16 13:31:54] Manual recipe required. Opening RecipeBookEditor.
[2026-02-16 13:34:55] [D03][PARSE] fill_single_deed: missing recipe mapping
[2026-02-16 13:34:55] No recipe mapping for deed item 'Norse Helm'.
[2026-02-16 13:34:55] [F08D][RUN] delay start: deed->next_deed (10.0s)
[2026-02-16 13:35:05] [F08D][RUN] delay end: deed->next_deed (elapsed=10.00s)
[2026-02-16 13:35:05] [F07S][RUN] loop tick pre-deed: recall_has=False, gumps=[3563514524]
[2026-02-16 13:35:05] [F08][RUN] run_fill: deed 0x41C6F57D
[2026-02-16 13:35:05] [F08S][RUN] pre fill_single_deed: recall_has=False, gumps=[3563514524]
[2026-02-16 13:35:05] [D01][PARSE] fill_single_deed: start deed=0x41C6F57D
[2026-02-16 13:35:05] Filling Large Battle Axe (Blacksmith) 0/20
[2026-02-16 13:35:05] [D05][PARSE] fill_single_deed: begin progress=0/20
[2026-02-16 13:35:05] [D06][PARSE] fill_single_deed: cycle=1 remaining=20
[2026-02-16 13:35:05] [D07][MATERIAL] ensure_materials_for_deed: start
[2026-02-16 13:35:05] [D07][MATERIAL] material_diag before gumps=[3563514524]
[2026-02-16 13:35:05] Opening resource container 0x40008663 for restock.
[2026-02-16 13:35:05] RestockOpen: closed blocking gumps [3563514524] prior to container open.
[2026-02-16 13:35:05] TargetGuard: cleared pending target cursor (restock_open_pre).
[2026-02-16 13:35:05] RestockOpen: UseObject attempt 1 sent.
[2026-02-16 13:35:06] RestockOpen: attempt 1 counts shallow=32 recursive=32
[2026-02-16 13:35:07] Resource scan items: 32
[2026-02-16 13:35:08] Restock moved-item trace: serial=0x41E3E4A9, container=0x4631B20C, container_serial=0x00000000, amt=400
[2026-02-16 13:35:08] Restock result in pack: 0 (pack_any=597, resource_delta=400)
[2026-02-16 13:35:08] Restock count mismatch: using backpack any-count as success (pack_any=597).
[2026-02-16 13:35:08] [D07][MATERIAL] material_diag after gumps=[]
[2026-02-16 13:35:08] [D07][MATERIAL] material_diag recall_toggle=False (before=False, after=False, recall_gid=89)
[2026-02-16 13:35:08] [D07][MATERIAL] ensure_materials_for_deed: ok
[2026-02-16 13:35:08] [D07D][MATERIAL] delay start: materials->tools (10.0s)
[2026-02-16 13:35:18] [D07D][MATERIAL] delay end: materials->tools (elapsed=10.00s)
[2026-02-16 13:35:18] [D08][TOOL] ensure_tool_for_profession: Blacksmith
[2026-02-16 13:35:18] [D08][TOOL] tool_diag craft_gump before: prof=Blacksmith, gid=0xD466EA9C, has=False, in_snapshot=False, gumps=[]
[2026-02-16 13:35:18] [D08][TOOL] tool_diag before gumps=[]
[2026-02-16 13:35:18] [D08][TOOL] tool_diag after gumps=[]
[2026-02-16 13:35:18] [D08][TOOL] tool_diag craft_gump after: prof=Blacksmith, gid=0xD466EA9C, has=False, in_snapshot=False, gumps=[]
[2026-02-16 13:35:18] [D08][TOOL] tool_diag recall_toggle=False (before=False, after=False, recall_gid=89)
[2026-02-16 13:35:18] [D08][TOOL] ensure_tool_for_profession: ok
[2026-02-16 13:35:18] [D08D][TOOL] delay start: tools->context (10.0s)
[2026-02-16 13:35:28] [D08D][TOOL] delay end: tools->context (elapsed=10.00s)
[2026-02-16 13:35:28] [D09][CONTEXT] ensure_craft_context: prof=Blacksmith, gid=0
[2026-02-16 13:35:28] [D09][CONTEXT] context_diag before: prof=Blacksmith, gid=0xD466EA9C, has=False, in_snapshot=False, gumps=[]
[2026-02-16 13:35:28] [D09][CONTEXT] context_diag before open_gump: prof=Blacksmith, gid=0xD466EA9C, has=False, in_snapshot=False, gumps=[]
[2026-02-16 13:35:28] [D09X][CONTEXT] open_with_tool: start prof=Blacksmith, expected=0xD466EA9C, before=[]
[2026-02-16 13:35:28] [D09X][CONTEXT] open_with_tool: UseObject tool serial=0x41C631DE
[2026-02-16 13:35:28] [D09X][CONTEXT] open_with_tool: post-wait opened_gid=0xD466EA9C, expected=0xD466EA9C
[2026-02-16 13:35:28] [D09][CONTEXT] context_diag after open_gump gid=0xD466EA9C: prof=Blacksmith, gid=0xD466EA9C, has=True, in_snapshot=True, gumps=[3563514524]
[2026-02-16 13:35:28] [D09][CONTEXT] ensure_craft_context: material_select begin gid=0xD466EA9C opened_now=True apply_material=True
[2026-02-16 13:35:29] [D09][CONTEXT] context_diag post material_select gid=0xD466EA9C: prof=Blacksmith, gid=0xD466EA9C, has=True, in_snapshot=True, gumps=[3563514524]
[2026-02-16 13:35:29] [D09][CONTEXT] ensure_craft_context: ok gid=3563514524
[2026-02-16 13:35:29] [D09D][CONTEXT] delay start: context->craft (10.0s)
[2026-02-16 13:35:31] [D09D][CONTEXT] delay end: context->craft (elapsed=2.09s)
[2026-02-16 13:35:31] [D10][CRAFT] craft_n_items: target=20, gid=3563514524
[2026-02-16 13:35:31] [D10][CRAFT] craft_n_items: stopped
[2026-02-16 13:35:31] Stopping deed after repeated failure: stopped.
[2026-02-16 13:35:31] [D06][PARSE] fill_single_deed: cycle=2 remaining=20
[2026-02-16 13:35:31] [D07][MATERIAL] ensure_materials_for_deed: start
[2026-02-16 13:35:31] [D07][MATERIAL] material_diag before gumps=[3563514524]
[2026-02-16 13:35:31] [D07][MATERIAL] material_diag after gumps=[3563514524]
[2026-02-16 13:35:31] [D07][MATERIAL] material_diag recall_toggle=False (before=False, after=False, recall_gid=89)
[2026-02-16 13:35:31] [D07][MATERIAL] ensure_materials_for_deed: ok
[2026-02-16 13:35:31] [D07D][MATERIAL] delay start: materials->tools (10.0s)
[2026-02-16 13:35:33] [D07D][MATERIAL] delay end: materials->tools (elapsed=1.26s)
[2026-02-16 13:35:33] [D08][TOOL] ensure_tool_for_profession: Blacksmith
[2026-02-16 13:35:33] [D08][TOOL] tool_diag craft_gump before: prof=Blacksmith, gid=0xD466EA9C, has=True, in_snapshot=True, gumps=[3563514524]
[2026-02-16 13:35:33] [D08][TOOL] tool_diag before gumps=[3563514524]
[2026-02-16 13:35:33] [D08][TOOL] tool_diag after gumps=[3563514524]
[2026-02-16 13:35:33] [D08][TOOL] tool_diag craft_gump after: prof=Blacksmith, gid=0xD466EA9C, has=True, in_snapshot=True, gumps=[3563514524]
[2026-02-16 13:35:33] [D08][TOOL] tool_diag recall_toggle=False (before=False, after=False, recall_gid=89)
[2026-02-16 13:35:33] [D08][TOOL] ensure_tool_for_profession: ok
[2026-02-16 13:35:33] [D08D][TOOL] delay start: tools->context (10.0s)
[2026-02-16 13:35:33] [D08D][TOOL] delay end: tools->context (elapsed=0.55s)
[2026-02-16 13:35:33] [D09][CONTEXT] ensure_craft_context: prof=Blacksmith, gid=3563514524
[2026-02-16 13:35:33] [D09][CONTEXT] context_diag before: prof=Blacksmith, gid=0xD466EA9C, has=True, in_snapshot=True, gumps=[3563514524]
[2026-02-16 13:35:33] [D09][CONTEXT] ensure_craft_context: material_select begin gid=0xD466EA9C opened_now=False apply_material=True
[2026-02-16 13:35:33] [D09][CONTEXT] context_diag post material_select gid=0xD466EA9C: prof=Blacksmith, gid=0xD466EA9C, has=True, in_snapshot=True, gumps=[3563514524]
[2026-02-16 13:35:33] [D09][CONTEXT] ensure_craft_context: ok gid=3563514524
[2026-02-16 13:35:33] [D09D][CONTEXT] delay start: context->craft (10.0s)
[2026-02-16 13:35:34] [D09D][CONTEXT] delay end: context->craft (elapsed=0.53s)
[2026-02-16 13:35:34] [D10][CRAFT] craft_n_items: target=20, gid=3563514524
[2026-02-16 13:35:34] [D10][CRAFT] craft_n_items: stopped
[2026-02-16 13:35:34] Stopping deed after repeated failure: stopped.
[2026-02-16 13:35:34] [F08D][RUN] delay start: deed->next_deed (10.0s)
[2026-02-16 13:35:34] [F08D][RUN] delay end: deed->next_deed (elapsed=0.40s)
[2026-02-16 13:35:34] Fill interrupted.
[2026-02-16 13:35:34] [F09][RUN] run_fill: salvage cycle
[2026-02-16 13:35:34] Fill pass complete.
[2026-02-16 13:35:34] [F10][RUN] run_fill: complete
[2026-02-16 13:35:35] BODAssist loaded. Learn Mode uses RecipeBookEditor to map unknown deeds into the persistent recipe book.
[2026-02-16 14:41:03] BODAssist loaded. Learn Mode uses RecipeBookEditor to map unknown deeds into the persistent recipe book.
[2026-02-16 14:41:09] Collect: home slot 1, visiting 4 selected BOD stop(s).
[2026-02-16 14:41:09] Recalling to slot 2 (Blacksmith).
[2026-02-16 14:41:15] Found 2 Blacksmith giver(s) at slot 2.
[2026-02-16 14:41:28] Recalling to slot 3 (Tailor).
[2026-02-16 14:41:34] Found 3 Tailor giver(s) at slot 3.
[2026-02-16 14:41:51] Recalling to slot 4 (Carpentry).
[2026-02-16 14:41:57] Found 1 Carpentry giver(s) at slot 4.
[2026-02-16 14:42:01] Recalling to slot 5 (Tinker).
[2026-02-16 14:42:07] Found 3 Tinker giver(s) at slot 5.
[2026-02-16 14:42:24] Collect complete. Recalling home.
[2026-02-16 14:43:17] Prep/Sort: recalling home.
[2026-02-16 14:43:23] Pathfinding to crafting station (attempt 1/3).
[2026-02-16 14:43:25] Arrived at crafting station.
[2026-02-16 14:43:25] Prep/Sort complete. At crafting station.
[2026-02-16 17:37:30] BODAssist loaded. Learn Mode uses RecipeBookEditor to map unknown deeds into the persistent recipe book.
[2026-02-16 17:37:35] [F01][RUN] run_fill: start
[2026-02-16 17:37:35] Fill runtime: F:\Games\Ultima Online\Clients\TazUO\TazUO\LegionScripts\Utilities\BODAssist.py
[2026-02-16 17:37:35] Fill resource serial: 0x40008663
[2026-02-16 17:37:35] [F02][RUN] run_fill: config validation
[2026-02-16 17:37:35] [F03][RUN] run_fill: travel phase
[2026-02-16 17:37:35] [F03][RUN] travel_phase: recall home
[2026-02-16 17:37:35] Fill: recalling home.
[2026-02-16 17:37:41] [F03][RUN] travel_phase: close recall gump
[2026-02-16 17:37:41] [F03S][RUN] post travel phase: recall_has=False, gumps=[]
[2026-02-16 17:37:41] [F03D][RUN] delay start: travel->move (0.5s)
[2026-02-16 17:37:41] [F03D][RUN] delay end: travel->move (elapsed=0.50s)
[2026-02-16 17:37:41] [F03B][RUN] run_fill: move phase
[2026-02-16 17:37:41] [F03B][RUN] move_phase: move to crafting station
[2026-02-16 17:37:41] Pathfinding to crafting station (attempt 1/3).
[2026-02-16 17:37:44] Arrived at crafting station.
[2026-02-16 17:37:44] [F03BS][RUN] post move phase: recall_has=False, gumps=[]
[2026-02-16 17:37:44] [F03BD][RUN] delay start: move->validate_resource (0.5s)
[2026-02-16 17:37:45] [F03BD][RUN] delay end: move->validate_resource (elapsed=0.50s)
[2026-02-16 17:37:45] [F04][RUN] run_fill: validate resource container access
[2026-02-16 17:37:45] Resource container info (post-move): name='Barrel', dist=2, is_container=True
[2026-02-16 17:37:45] [F04S][RUN] post validate resource: recall_has=False, gumps=[]
[2026-02-16 17:37:45] [F04D][RUN] delay start: validate_resource->scan_bods (0.5s)
[2026-02-16 17:37:45] [F04D][RUN] delay end: validate_resource->scan_bods (elapsed=0.50s)
[2026-02-16 17:37:45] [F05][RUN] run_fill: backpack deeds found=33
[2026-02-16 17:37:45] [F05S][RUN] post scan backpack deeds: recall_has=False, gumps=[]
[2026-02-16 17:37:45] Fill selected BOD types: Blacksmith, Tailor, Carpentry, Tinker
[2026-02-16 17:37:45] [F06][RUN] run_fill: filter deeds by selected/supported type
[2026-02-16 17:37:46] Fill skip: 'Bow' unresolved profession 'Bowcraft'.
[2026-02-16 17:37:46] Fill skip: 'unknown item' unresolved profession 'unknown'.
[2026-02-16 17:37:46] [F06S][RUN] post deed filtering: recall_has=False, gumps=[]
[2026-02-16 17:37:46] [F06D][RUN] delay start: filter->process_worklist (0.5s)
[2026-02-16 17:37:46] [F06D][RUN] delay end: filter->process_worklist (elapsed=0.50s)
[2026-02-16 17:37:46] [F07][RUN] run_fill: processing worklist count=31
[2026-02-16 17:37:46] [F07S][RUN] pre run loop setup: recall_has=False, gumps=[]
[2026-02-16 17:37:46] [F07S][RUN] post run loop setup: recall_has=False, gumps=[]
[2026-02-16 17:37:46] Fill: processing 31 deed(s). Skipped 2.
[2026-02-16 17:37:46] [F07S][RUN] loop tick pre-deed: recall_has=False, gumps=[]
[2026-02-16 17:37:46] [F08][RUN] run_fill: deed 0x420EBA2F
[2026-02-16 17:37:46] [F08S][RUN] pre fill_single_deed: recall_has=False, gumps=[]
[2026-02-16 17:37:46] [D01][PARSE] fill_single_deed: start deed=0x420EBA2F
[2026-02-16 17:37:46] Learn Mode (manual): enter mapping for 'Clock Frame'.
[2026-02-16 17:37:46] Manual recipe required. Opening RecipeBookEditor.
[2026-02-16 17:40:34] Filling Clock Frame (Tinker) 0/20
[2026-02-16 17:40:34] [D05][PARSE] fill_single_deed: begin progress=0/20
[2026-02-16 17:40:34] [D06][PARSE] fill_single_deed: cycle=1 remaining=20
[2026-02-16 17:40:34] [D07][MATERIAL] ensure_materials_for_deed: start
[2026-02-16 17:40:34] Missing ingot hue mapping for boards. Set INGOT_HUE_BY_KEY.
[2026-02-16 17:40:34] [D07][MATERIAL] ensure_materials_for_deed: fail
[2026-02-16 17:40:34] Missing materials for Clock Frame.
[2026-02-16 17:40:34] [F08D][RUN] delay start: deed->next_deed (0.5s)
[2026-02-16 17:40:35] [F08D][RUN] delay end: deed->next_deed (elapsed=0.50s)
[2026-02-16 17:40:35] [F07S][RUN] loop tick pre-deed: recall_has=False, gumps=[1289273346]
[2026-02-16 17:40:35] [F08][RUN] run_fill: deed 0x420EBA06
[2026-02-16 17:40:35] [F08S][RUN] pre fill_single_deed: recall_has=False, gumps=[1289273346]
[2026-02-16 17:40:35] [D01][PARSE] fill_single_deed: start deed=0x420EBA06
[2026-02-16 17:40:35] Learn Mode (manual): enter mapping for 'Candelabra'.
[2026-02-16 17:40:35] Manual recipe required. Opening RecipeBookEditor.
[2026-02-16 17:40:40] RecipeBookEditor fallback lookup failed: F:\Games\Ultima Online\Clients\TazUO\TazUO\LegionScripts\Utilities\RecipeBookEditor.py | F:\Games\Ultima Online\Clients\TazUO\TazUO\LegionScripts\Utilities\Utilities\RecipeBookEditor.py | F:\Games\Ultima Online\Clients\TazUO\TazUO\RecipeBookEditor.py | F:\Games\Ultima Online\Clients\TazUO\TazUO\Utilities\RecipeBookEditor.py | F:\Games\Ultima Online\Clients\TazUO\TazUO\LegionScripts\RecipeBookEditor.py
[2026-02-16 17:40:40] Could not launch RecipeBookEditor.py (check script path/name in Script Manager).
[2026-02-16 17:40:40] [D03][PARSE] fill_single_deed: missing recipe mapping
[2026-02-16 17:40:40] No recipe mapping for deed item 'Candelabra'.
[2026-02-16 17:40:40] [F08D][RUN] delay start: deed->next_deed (0.5s)
[2026-02-16 17:40:40] [F08D][RUN] delay end: deed->next_deed (elapsed=0.50s)
[2026-02-16 17:40:40] [F07S][RUN] loop tick pre-deed: recall_has=False, gumps=[1289273346]
[2026-02-16 17:40:40] [F08][RUN] run_fill: deed 0x420EB9DA
[2026-02-16 17:40:40] [F08S][RUN] pre fill_single_deed: recall_has=False, gumps=[1289273346]
[2026-02-16 17:40:40] [D01][PARSE] fill_single_deed: start deed=0x420EB9DA
[2026-02-16 17:40:40] Learn Mode (manual): enter mapping for 'Froe'.
[2026-02-16 17:40:40] Manual recipe required. Opening RecipeBookEditor.
[2026-02-16 17:40:45] RecipeBookEditor fallback lookup failed: F:\Games\Ultima Online\Clients\TazUO\TazUO\LegionScripts\Utilities\RecipeBookEditor.py | F:\Games\Ultima Online\Clients\TazUO\TazUO\LegionScripts\Utilities\Utilities\RecipeBookEditor.py | F:\Games\Ultima Online\Clients\TazUO\TazUO\RecipeBookEditor.py | F:\Games\Ultima Online\Clients\TazUO\TazUO\Utilities\RecipeBookEditor.py | F:\Games\Ultima Online\Clients\TazUO\TazUO\LegionScripts\RecipeBookEditor.py
[2026-02-16 17:40:45] Could not launch RecipeBookEditor.py (check script path/name in Script Manager).
[2026-02-16 17:40:45] [D03][PARSE] fill_single_deed: missing recipe mapping
[2026-02-16 17:40:45] No recipe mapping for deed item 'Froe'.
[2026-02-16 17:40:45] [F08D][RUN] delay start: deed->next_deed (0.5s)
[2026-02-16 17:40:45] [F08D][RUN] delay end: deed->next_deed (elapsed=0.50s)
[2026-02-16 17:40:45] [F07S][RUN] loop tick pre-deed: recall_has=False, gumps=[1289273346]
[2026-02-16 17:40:45] [F08][RUN] run_fill: deed 0x420EB906
[2026-02-16 17:40:45] [F08S][RUN] pre fill_single_deed: recall_has=False, gumps=[1289273346]
[2026-02-16 17:40:45] [D01][PARSE] fill_single_deed: start deed=0x420EB906
[2026-02-16 17:40:45] Learn Mode (manual): enter mapping for 'Unknown Item'.
[2026-02-16 17:40:45] Manual recipe required. Opening RecipeBookEditor.
[2026-02-16 17:40:50] RecipeBookEditor fallback lookup failed: F:\Games\Ultima Online\Clients\TazUO\TazUO\LegionScripts\Utilities\RecipeBookEditor.py | F:\Games\Ultima Online\Clients\TazUO\TazUO\LegionScripts\Utilities\Utilities\RecipeBookEditor.py | F:\Games\Ultima Online\Clients\TazUO\TazUO\RecipeBookEditor.py | F:\Games\Ultima Online\Clients\TazUO\TazUO\Utilities\RecipeBookEditor.py | F:\Games\Ultima Online\Clients\TazUO\TazUO\LegionScripts\RecipeBookEditor.py
[2026-02-16 17:40:50] Could not launch RecipeBookEditor.py (check script path/name in Script Manager).
[2026-02-16 17:40:50] [D03][PARSE] fill_single_deed: missing recipe mapping
[2026-02-16 17:40:50] No recipe mapping for deed item ''.
[2026-02-16 17:40:50] [F08D][RUN] delay start: deed->next_deed (0.5s)
[2026-02-16 17:40:51] [F08D][RUN] delay end: deed->next_deed (elapsed=0.50s)
[2026-02-16 17:40:51] [F07S][RUN] loop tick pre-deed: recall_has=False, gumps=[1289273346]
[2026-02-16 17:40:51] [F08][RUN] run_fill: deed 0x420EB8D8
[2026-02-16 17:40:51] [F08S][RUN] pre fill_single_deed: recall_has=False, gumps=[1289273346]
[2026-02-16 17:40:51] [D01][PARSE] fill_single_deed: start deed=0x420EB8D8
[2026-02-16 17:40:51] Learn Mode (manual): enter mapping for 'Stool'.
[2026-02-16 17:40:51] Manual recipe required. Opening RecipeBookEditor.
[2026-02-16 17:40:56] RecipeBookEditor fallback lookup failed: F:\Games\Ultima Online\Clients\TazUO\TazUO\LegionScripts\Utilities\RecipeBookEditor.py | F:\Games\Ultima Online\Clients\TazUO\TazUO\LegionScripts\Utilities\Utilities\RecipeBookEditor.py | F:\Games\Ultima Online\Clients\TazUO\TazUO\RecipeBookEditor.py | F:\Games\Ultima Online\Clients\TazUO\TazUO\Utilities\RecipeBookEditor.py | F:\Games\Ultima Online\Clients\TazUO\TazUO\LegionScripts\RecipeBookEditor.py
[2026-02-16 17:40:56] Could not launch RecipeBookEditor.py (check script path/name in Script Manager).
[2026-02-16 17:40:56] [D03][PARSE] fill_single_deed: missing recipe mapping
[2026-02-16 17:40:56] No recipe mapping for deed item 'Stool'.
[2026-02-16 17:40:56] [F08D][RUN] delay start: deed->next_deed (0.5s)
[2026-02-16 17:40:56] [F08D][RUN] delay end: deed->next_deed (elapsed=0.50s)
[2026-02-16 17:40:56] [F07S][RUN] loop tick pre-deed: recall_has=False, gumps=[1289273346]
[2026-02-16 17:40:56] [F08][RUN] run_fill: deed 0x420EB8CE
[2026-02-16 17:40:56] [F08S][RUN] pre fill_single_deed: recall_has=False, gumps=[1289273346]
[2026-02-16 17:40:56] [D01][PARSE] fill_single_deed: start deed=0x420EB8CE
[2026-02-16 17:40:56] Learn Mode (manual): enter mapping for 'Wooden Bench'.
[2026-02-16 17:40:56] Manual recipe required. Opening RecipeBookEditor.
[2026-02-16 17:40:59] RecipeBookEditor fallback lookup failed: F:\Games\Ultima Online\Clients\TazUO\TazUO\LegionScripts\Utilities\RecipeBookEditor.py | F:\Games\Ultima Online\Clients\TazUO\TazUO\LegionScripts\Utilities\Utilities\RecipeBookEditor.py | F:\Games\Ultima Online\Clients\TazUO\TazUO\RecipeBookEditor.py | F:\Games\Ultima Online\Clients\TazUO\TazUO\Utilities\RecipeBookEditor.py | F:\Games\Ultima Online\Clients\TazUO\TazUO\LegionScripts\RecipeBookEditor.py
[2026-02-16 17:40:59] Could not launch RecipeBookEditor.py (check script path/name in Script Manager).
[2026-02-16 17:40:59] [D03][PARSE] fill_single_deed: missing recipe mapping
[2026-02-16 17:40:59] No recipe mapping for deed item 'Wooden Bench'.
[2026-02-16 17:40:59] [F08D][RUN] delay start: deed->next_deed (0.5s)
[2026-02-16 17:40:59] [F08D][RUN] delay end: deed->next_deed (elapsed=0.50s)
[2026-02-16 17:40:59] Fill interrupted.
[2026-02-16 17:40:59] [F09][RUN] run_fill: salvage cycle
[2026-02-16 17:40:59] Fill pass complete.
[2026-02-16 17:40:59] [F10][RUN] run_fill: complete
