[2026-02-21 11:29:49] BOOT module_import __name__=<module>
[2026-02-21 11:29:49] STEP entrypoint_check __name__=<module> autostart=False
[2026-02-21 11:35:39] BOOT module_import __name__=<module>
[2026-02-21 11:35:39] STEP entrypoint_check __name__=<module> autostart=True
[2026-02-21 11:35:39] STEP create control gump
[2026-02-21 11:35:39] STEP load persisted config
[2026-02-21 11:35:39] STEP load log config
[2026-02-21 11:35:39] STEP rebuild control gump
[2026-02-21 11:44:32] BOOT module_import __name__=<module>
[2026-02-21 11:44:32] STEP entrypoint_check __name__=<module> autostart=True
[2026-02-21 11:44:32] STEP create control gump
[2026-02-21 11:44:33] STEP load persisted config
[2026-02-21 11:44:33] STEP load log config
[2026-02-21 11:44:33] STEP rebuild control gump
[2026-02-21 11:45:17] BOOT module_import __name__=<module>
[2026-02-21 11:45:17] STEP entrypoint_check __name__=<module> autostart=True
[2026-02-21 11:45:17] STEP create control gump
[2026-02-21 11:45:17] STEP load persisted config
[2026-02-21 11:45:17] STEP load log config
[2026-02-21 11:45:17] STEP rebuild control gump
[2026-02-21 11:52:20] BOOT module_import __name__=<module>
[2026-02-21 11:52:20] STEP entrypoint_check __name__=<module> autostart=True
[2026-02-21 11:52:20] STEP create control gump
[2026-02-21 11:52:20] STEP load persisted config
[2026-02-21 11:52:20] STEP load log config
[2026-02-21 11:52:20] STEP rebuild control gump
[2026-02-21 12:08:36] BOOT module_import __name__=<module>
[2026-02-21 12:08:36] STEP entrypoint_check __name__=<module> autostart=True
[2026-02-21 12:08:36] STEP create control gump
[2026-02-21 12:08:36] STEP load persisted config
[2026-02-21 12:08:36] STEP load log config
[2026-02-21 12:08:36] STEP rebuild control gump
[2026-02-21 13:01:39] BOOT module_import __name__=<module>
[2026-02-21 13:01:39] STEP entrypoint_check __name__=<module> autostart=True
[2026-02-21 13:01:39] STEP create control gump
[2026-02-21 13:01:40] STEP load persisted config
[2026-02-21 13:01:40] STEP load log config
[2026-02-21 13:01:40] STEP rebuild control gump
