[2026-02-20 20:59:55] [RUN] AutoMiner loaded. Press Start on the gump to begin.
[2026-02-20 21:00:04] [RUN] Craftables.db primes crafting paths
[2026-02-20 21:00:05] [RUN] Mining: ON
[2026-02-20 21:00:05] [RUN] Mining started...
[2026-02-20 21:00:05] [RUN] Tooling check complete.
[2026-02-20 21:00:05] [RUN] Recalling to first mining spot.
[2026-02-20 21:00:05] [RUN] Recalling to mining rune 76.
[2026-02-20 21:00:09] [TARGET] MineTarget: set center=(1792,456,-90)
[2026-02-20 21:00:09] [TARGET] MineTarget: attempt target=(1792,456,-90) rel=(0,0)
[2026-02-20 21:00:09] [TARGET] System: MineTarget: tile graphic=0x053D in_list=True
[2026-02-20 21:00:09] [TARGET] MineTarget: rel=(0,0) graphic=0x053D land=True has_target=True
[2026-02-20 21:00:09] [TARGET] MineTarget: method=TargetTileRel has_target=False
[2026-02-20 21:00:10] [TARGET] Journal: Where do you wish to dig?
[2026-02-20 21:00:10] [TARGET] MineTarget: attempt target=(1792,455,-90) rel=(0,-1)
[2026-02-20 21:00:10] [TARGET] System: MineTarget: tile graphic=0x053C in_list=True
[2026-02-20 21:00:10] [TARGET] MineTarget: rel=(0,-1) graphic=0x053C land=True has_target=True
[2026-02-20 21:00:10] [TARGET] MineTarget: method=TargetTileRel has_target=False
[2026-02-20 21:00:11] [TARGET] Journal: Where do you wish to dig?
[2026-02-20 21:00:11] [TARGET] MineTarget: attempt target=(1792,457,-90) rel=(0,1)
[2026-02-20 21:00:11] [TARGET] System: MineTarget: tile graphic=0x053F in_list=True
[2026-02-20 21:00:11] [TARGET] MineTarget: rel=(0,1) graphic=0x053F land=True has_target=True
[2026-02-20 21:00:11] [TARGET] MineTarget: method=TargetTileRel has_target=False
[2026-02-20 21:00:12] [TARGET] Journal: Where do you wish to dig?
[2026-02-20 21:00:12] [TARGET] MineTarget: attempt target=(1791,456,-90) rel=(-1,0)
[2026-02-20 21:00:12] [TARGET] System: MineTarget: tile graphic=0x053C in_list=True
[2026-02-20 21:00:12] [TARGET] MineTarget: rel=(-1,0) graphic=0x053C land=True has_target=True
[2026-02-20 21:00:13] [TARGET] MineTarget: method=TargetTileRel has_target=False
[2026-02-20 21:00:13] [TARGET] Journal: Where do you wish to dig?
[2026-02-20 21:00:14] [TARGET] MineTarget: attempt target=(1793,456,-90) rel=(1,0)
[2026-02-20 21:00:14] [TARGET] System: MineTarget: tile graphic=0x053C in_list=True
[2026-02-20 21:00:14] [TARGET] MineTarget: rel=(1,0) graphic=0x053C land=True has_target=True
[2026-02-20 21:00:14] [TARGET] MineTarget: method=TargetTileRel has_target=False
[2026-02-20 21:00:15] [TARGET] Journal: Where do you wish to dig?
[2026-02-20 21:00:15] [TARGET] MineTarget: attempt target=(1791,455,-90) rel=(-1,-1)
[2026-02-20 21:00:15] [TARGET] System: MineTarget: tile graphic=0x053C in_list=True
[2026-02-20 21:00:15] [TARGET] MineTarget: rel=(-1,-1) graphic=0x053C land=True has_target=True
[2026-02-20 21:00:15] [TARGET] MineTarget: method=TargetTileRel has_target=False
[2026-02-20 21:00:16] [TARGET] Journal: Where do you wish to dig?
[2026-02-20 21:00:16] [TARGET] MineTarget: attempt target=(1791,457,-90) rel=(-1,1)
[2026-02-20 21:00:16] [TARGET] System: MineTarget: tile graphic=0x053C in_list=True
[2026-02-20 21:00:16] [TARGET] MineTarget: rel=(-1,1) graphic=0x053C land=True has_target=True
[2026-02-20 21:00:16] [TARGET] MineTarget: method=TargetTileRel has_target=False
[2026-02-20 21:00:17] [TARGET] Journal: Where do you wish to dig?
[2026-02-20 21:00:17] [TARGET] MineTarget: attempt target=(1793,455,-90) rel=(1,-1)
[2026-02-20 21:00:17] [TARGET] System: MineTarget: tile graphic=0x053E in_list=True
[2026-02-20 21:00:17] [TARGET] MineTarget: rel=(1,-1) graphic=0x053E land=True has_target=True
[2026-02-20 21:00:18] [TARGET] MineTarget: method=TargetTileRel has_target=False
[2026-02-20 21:00:18] [TARGET] Journal: Where do you wish to dig?
[2026-02-20 21:00:19] [TARGET] MineTarget: attempt target=(1793,457,-90) rel=(1,1)
[2026-02-20 21:00:19] [TARGET] System: MineTarget: tile graphic=0x053E in_list=True
[2026-02-20 21:00:19] [TARGET] MineTarget: rel=(1,1) graphic=0x053E land=True has_target=True
[2026-02-20 21:00:19] [TARGET] MineTarget: method=TargetTileRel has_target=False
[2026-02-20 21:00:20] [TARGET] Journal: Where do you wish to dig?
[2026-02-20 21:00:20] [TARGET] MineTarget: attempt target=(1792,456,-90) rel=(0,0)
[2026-02-20 21:00:20] [TARGET] System: MineTarget: tile graphic=0x053D in_list=True
[2026-02-20 21:00:20] [TARGET] MineTarget: rel=(0,0) graphic=0x053D land=True has_target=True
[2026-02-20 21:00:20] [TARGET] MineTarget: method=TargetTileRel has_target=False
[2026-02-20 21:00:21] [TARGET] Journal: Where do you wish to dig?
[2026-02-20 21:00:21] [TARGET] MineTarget: attempt target=(1792,455,-90) rel=(0,-1)
[2026-02-20 21:00:21] [TARGET] System: MineTarget: tile graphic=0x053C in_list=True
[2026-02-20 21:00:21] [TARGET] MineTarget: rel=(0,-1) graphic=0x053C land=True has_target=True
[2026-02-20 21:00:21] [TARGET] MineTarget: method=TargetTileRel has_target=False
[2026-02-20 21:00:22] [TARGET] Journal: Where do you wish to dig?
[2026-02-20 21:00:22] [TARGET] MineTarget: attempt target=(1792,457,-90) rel=(0,1)
[2026-02-20 21:00:22] [TARGET] System: MineTarget: tile graphic=0x053F in_list=True
[2026-02-20 21:00:22] [TARGET] MineTarget: rel=(0,1) graphic=0x053F land=True has_target=True
[2026-02-20 21:00:22] [TARGET] MineTarget: method=TargetTileRel has_target=False
[2026-02-20 21:00:23] [TARGET] Journal: Where do you wish to dig?
[2026-02-20 21:00:23] [TARGET] MineTarget: attempt target=(1791,456,-90) rel=(-1,0)
[2026-02-20 21:00:23] [TARGET] System: MineTarget: tile graphic=0x053C in_list=True
[2026-02-20 21:00:23] [TARGET] MineTarget: rel=(-1,0) graphic=0x053C land=True has_target=True
[2026-02-20 21:00:24] [TARGET] MineTarget: method=TargetTileRel has_target=False
[2026-02-20 21:00:25] [TARGET] Journal: Where do you wish to dig?
[2026-02-20 21:00:25] [TARGET] MineTarget: attempt target=(1793,456,-90) rel=(1,0)
[2026-02-20 21:00:25] [TARGET] System: MineTarget: tile graphic=0x053C in_list=True
[2026-02-20 21:00:25] [TARGET] MineTarget: rel=(1,0) graphic=0x053C land=True has_target=True
[2026-02-20 21:00:25] [TARGET] MineTarget: method=TargetTileRel has_target=False
[2026-02-20 21:00:26] [TARGET] Journal: Where do you wish to dig?
[2026-02-20 21:00:26] [TARGET] MineTarget: attempt target=(1791,455,-90) rel=(-1,-1)
[2026-02-20 21:00:26] [TARGET] System: MineTarget: tile graphic=0x053C in_list=True
[2026-02-20 21:00:26] [TARGET] MineTarget: rel=(-1,-1) graphic=0x053C land=True has_target=True
[2026-02-20 21:00:27] [TARGET] MineTarget: method=TargetTileRel has_target=False
[2026-02-20 21:00:27] [TARGET] Journal: Where do you wish to dig?
[2026-02-20 21:00:27] [RUN] Overweight detected.
[2026-02-20 21:00:27] [RUN] Overweight: recall to unload.
[2026-02-20 21:00:27] [RUN] Recalling home to unload.
[2026-02-20 21:00:34] [RUN] Unloading resources to containers.
[2026-02-20 21:00:34] [RUN] Unload: 21 items in backpack.
[2026-02-20 21:00:39] [RUN] Restocking ingots from drop container.
[2026-02-20 21:00:40] [RUN] Ensuring at least two shovels.
[2026-02-20 21:00:41] [RUN] Recalling to mining rune 77.
[2026-02-20 21:00:45] [TARGET] MineTarget: set center=(1776,456,-90)
[2026-02-20 21:00:46] [TARGET] MineTarget: attempt target=(1776,456,-90) rel=(0,0)
[2026-02-20 21:00:46] [TARGET] System: MineTarget: tile graphic=0x053C in_list=True
[2026-02-20 21:00:46] [TARGET] MineTarget: rel=(0,0) graphic=0x053C land=True has_target=True
[2026-02-20 21:00:46] [TARGET] MineTarget: method=TargetTileRel has_target=False
[2026-02-20 21:00:47] [TARGET] Journal: Where do you wish to dig?
[2026-02-20 21:00:47] [TARGET] MineTarget: attempt target=(1776,455,-90) rel=(0,-1)
[2026-02-20 21:00:47] [TARGET] System: MineTarget: tile graphic=0x053C in_list=True
[2026-02-20 21:00:47] [TARGET] MineTarget: rel=(0,-1) graphic=0x053C land=True has_target=True
[2026-02-20 21:00:47] [TARGET] MineTarget: method=TargetTileRel has_target=False
[2026-02-20 21:00:48] [TARGET] Journal: Where do you wish to dig?
[2026-02-20 21:00:48] [TARGET] MineTarget: attempt target=(1776,457,-90) rel=(0,1)
[2026-02-20 21:00:48] [TARGET] System: MineTarget: tile graphic=0x053E in_list=True
[2026-02-20 21:00:48] [TARGET] MineTarget: rel=(0,1) graphic=0x053E land=True has_target=True
[2026-02-20 21:00:48] [TARGET] MineTarget: method=TargetTileRel has_target=False
[2026-02-20 21:00:49] [TARGET] Journal: Where do you wish to dig?
[2026-02-20 21:00:49] [TARGET] MineTarget: attempt target=(1775,456,-90) rel=(-1,0)
[2026-02-20 21:00:49] [TARGET] System: MineTarget: tile graphic=0x054C in_list=True
[2026-02-20 21:00:49] [TARGET] MineTarget: rel=(-1,0) graphic=0x054C land=True has_target=True
[2026-02-20 21:00:50] [TARGET] MineTarget: method=TargetTileRel has_target=False
[2026-02-20 21:00:51] [TARGET] Journal: Where do you wish to dig?
[2026-02-20 21:00:51] [TARGET] MineTarget: attempt target=(1777,456,-90) rel=(1,0)
[2026-02-20 21:00:51] [TARGET] System: MineTarget: tile graphic=0x053F in_list=True
[2026-02-20 21:00:51] [TARGET] MineTarget: rel=(1,0) graphic=0x053F land=True has_target=True
[2026-02-20 21:00:51] [TARGET] MineTarget: method=TargetTileRel has_target=False
[2026-02-20 21:00:52] [TARGET] Journal: Where do you wish to dig?
[2026-02-20 21:00:52] [TARGET] Journal: You loosen some rocks but fail to find any useable ore.
[2026-02-20 21:00:52] [TARGET] MineTarget: attempt target=(1775,455,-90) rel=(-1,-1)
[2026-02-20 21:00:52] [TARGET] System: MineTarget: tile graphic=0x054C in_list=True
[2026-02-20 21:00:52] [TARGET] MineTarget: rel=(-1,-1) graphic=0x054C land=True has_target=True
[2026-02-20 21:00:52] [TARGET] MineTarget: method=TargetTileRel has_target=False
[2026-02-20 21:00:53] [TARGET] Journal: Where do you wish to dig?
[2026-02-20 21:00:53] [TARGET] Journal: You loosen some rocks but fail to find any useable ore.
[2026-02-20 21:00:53] [TARGET] MineTarget: attempt target=(1775,457,-90) rel=(-1,1)
[2026-02-20 21:00:53] [TARGET] System: MineTarget: tile graphic=0x0547 in_list=True
[2026-02-20 21:00:53] [TARGET] MineTarget: rel=(-1,1) graphic=0x0547 land=True has_target=True
[2026-02-20 21:00:53] [TARGET] MineTarget: method=TargetTileRel has_target=False
[2026-02-20 21:00:54] [TARGET] Journal: Where do you wish to dig?
[2026-02-20 21:00:55] [TARGET] MineTarget: attempt target=(1777,455,-90) rel=(1,-1)
[2026-02-20 21:00:55] [TARGET] System: MineTarget: tile graphic=0x053D in_list=True
[2026-02-20 21:00:55] [TARGET] MineTarget: rel=(1,-1) graphic=0x053D land=True has_target=True
[2026-02-20 21:00:55] [TARGET] MineTarget: method=TargetTileRel has_target=False
[2026-02-20 21:00:56] [TARGET] Journal: Where do you wish to dig?
[2026-02-20 21:00:56] [TARGET] MineTarget: attempt target=(1777,457,-90) rel=(1,1)
[2026-02-20 21:00:56] [TARGET] System: MineTarget: tile graphic=0x053C in_list=True
[2026-02-20 21:00:56] [TARGET] MineTarget: rel=(1,1) graphic=0x053C land=True has_target=True
[2026-02-20 21:00:56] [TARGET] MineTarget: method=TargetTileRel has_target=False
[2026-02-20 21:00:57] [TARGET] Journal: Where do you wish to dig?
[2026-02-20 21:00:57] [TARGET] MineTarget: attempt target=(1776,456,-90) rel=(0,0)
[2026-02-20 21:00:57] [TARGET] System: MineTarget: tile graphic=0x053C in_list=True
[2026-02-20 21:00:57] [TARGET] MineTarget: rel=(0,0) graphic=0x053C land=True has_target=True
[2026-02-20 21:00:57] [TARGET] MineTarget: method=TargetTileRel has_target=False
[2026-02-20 21:00:58] [TARGET] Journal: Where do you wish to dig?
[2026-02-20 21:00:58] [TARGET] MineTarget: attempt target=(1776,455,-90) rel=(0,-1)
[2026-02-20 21:00:58] [TARGET] System: MineTarget: tile graphic=0x053C in_list=True
[2026-02-20 21:00:58] [TARGET] MineTarget: rel=(0,-1) graphic=0x053C land=True has_target=True
[2026-02-20 21:00:59] [TARGET] MineTarget: method=TargetTileRel has_target=False
[2026-02-20 21:00:59] [TARGET] Journal: Where do you wish to dig?
[2026-02-20 21:01:00] [TARGET] MineTarget: attempt target=(1776,457,-90) rel=(0,1)
[2026-02-20 21:01:00] [TARGET] System: MineTarget: tile graphic=0x053E in_list=True
[2026-02-20 21:01:00] [TARGET] MineTarget: rel=(0,1) graphic=0x053E land=True has_target=True
[2026-02-20 21:01:00] [TARGET] MineTarget: method=TargetTileRel has_target=False
[2026-02-20 21:01:01] [TARGET] Journal: Where do you wish to dig?
[2026-02-20 21:01:01] [TARGET] Journal: You loosen some rocks but fail to find any useable ore.
[2026-02-20 21:01:01] [TARGET] MineTarget: attempt target=(1775,456,-90) rel=(-1,0)
[2026-02-20 21:01:01] [TARGET] System: MineTarget: tile graphic=0x054C in_list=True
[2026-02-20 21:01:01] [TARGET] MineTarget: rel=(-1,0) graphic=0x054C land=True has_target=True
[2026-02-20 21:01:01] [TARGET] MineTarget: method=TargetTileRel has_target=False
[2026-02-20 21:01:02] [TARGET] Journal: Where do you wish to dig?
[2026-02-20 21:01:02] [TARGET] MineTarget: attempt target=(1777,456,-90) rel=(1,0)
[2026-02-20 21:01:02] [TARGET] System: MineTarget: tile graphic=0x053F in_list=True
[2026-02-20 21:01:02] [TARGET] MineTarget: rel=(1,0) graphic=0x053F land=True has_target=True
[2026-02-20 21:01:02] [TARGET] MineTarget: method=TargetTileRel has_target=False
[2026-02-20 21:01:03] [TARGET] Journal: Where do you wish to dig?
[2026-02-20 21:01:03] [TARGET] MineTarget: attempt target=(1775,455,-90) rel=(-1,-1)
[2026-02-20 21:01:03] [TARGET] System: MineTarget: tile graphic=0x054C in_list=True
[2026-02-20 21:01:03] [TARGET] MineTarget: rel=(-1,-1) graphic=0x054C land=True has_target=True
[2026-02-20 21:01:03] [TARGET] MineTarget: method=TargetTileRel has_target=False
[2026-02-20 21:01:04] [TARGET] Journal: Where do you wish to dig?
[2026-02-20 21:01:04] [TARGET] MineTarget: attempt target=(1775,457,-90) rel=(-1,1)
[2026-02-20 21:01:04] [TARGET] System: MineTarget: tile graphic=0x0547 in_list=True
[2026-02-20 21:01:04] [TARGET] MineTarget: rel=(-1,1) graphic=0x0547 land=True has_target=True
[2026-02-20 21:01:05] [TARGET] MineTarget: method=TargetTileRel has_target=False
[2026-02-20 21:01:05] [TARGET] Journal: Where do you wish to dig?
[2026-02-20 21:01:06] [TARGET] MineTarget: attempt target=(1777,455,-90) rel=(1,-1)
[2026-02-20 21:01:06] [TARGET] System: MineTarget: tile graphic=0x053D in_list=True
[2026-02-20 21:01:06] [TARGET] MineTarget: rel=(1,-1) graphic=0x053D land=True has_target=True
[2026-02-20 21:01:06] [TARGET] MineTarget: method=TargetTileRel has_target=False
[2026-02-20 21:01:07] [TARGET] Journal: Where do you wish to dig?
[2026-02-20 21:01:07] [TARGET] MineTarget: attempt target=(1777,457,-90) rel=(1,1)
[2026-02-20 21:01:07] [TARGET] System: MineTarget: tile graphic=0x053C in_list=True
[2026-02-20 21:01:07] [TARGET] MineTarget: rel=(1,1) graphic=0x053C land=True has_target=True
[2026-02-20 21:01:07] [TARGET] MineTarget: method=TargetTileRel has_target=False
[2026-02-20 21:01:08] [TARGET] Journal: Where do you wish to dig?
[2026-02-20 21:01:08] [TARGET] MineTarget: attempt target=(1776,456,-90) rel=(0,0)
[2026-02-20 21:01:08] [TARGET] System: MineTarget: tile graphic=0x053C in_list=True
[2026-02-20 21:01:08] [TARGET] MineTarget: rel=(0,0) graphic=0x053C land=True has_target=True
[2026-02-20 21:01:08] [TARGET] MineTarget: method=TargetTileRel has_target=False
[2026-02-20 21:01:09] [TARGET] Journal: Where do you wish to dig?
[2026-02-20 21:01:09] [RUN] Overweight detected.
[2026-02-20 21:01:09] [RUN] Overweight: recall to unload.
[2026-02-20 21:01:09] [RUN] Recalling home to unload.
[2026-02-20 21:01:16] [RUN] Unloading resources to containers.
[2026-02-20 21:01:16] [RUN] Unload: 23 items in backpack.
[2026-02-20 21:01:23] [RUN] Restocking ingots from drop container.
[2026-02-20 21:01:24] [RUN] Ensuring at least two shovels.
[2026-02-20 21:01:25] [RUN] Recalling to mining rune 78.
[2026-02-20 21:01:29] [TARGET] MineTarget: set center=(1808,448,-90)
[2026-02-20 21:01:29] [TARGET] MineTarget: attempt target=(1808,448,-90) rel=(0,0)
[2026-02-20 21:01:29] [TARGET] System: MineTarget: tile graphic=0x053B in_list=True
[2026-02-20 21:01:29] [TARGET] MineTarget: rel=(0,0) graphic=0x053B land=True has_target=True
[2026-02-20 21:01:30] [TARGET] MineTarget: method=TargetTileRel has_target=False
[2026-02-20 21:01:30] [TARGET] Journal: Where do you wish to dig?
[2026-02-20 21:01:31] [TARGET] MineTarget: attempt target=(1808,447,-90) rel=(0,-1)
[2026-02-20 21:01:31] [TARGET] System: MineTarget: tile graphic=0x053E in_list=True
[2026-02-20 21:01:31] [TARGET] MineTarget: rel=(0,-1) graphic=0x053E land=True has_target=True
[2026-02-20 21:01:31] [TARGET] MineTarget: method=TargetTileRel has_target=False
[2026-02-20 21:01:32] [TARGET] Journal: Where do you wish to dig?
[2026-02-20 21:01:32] [TARGET] MineTarget: attempt target=(1808,449,-90) rel=(0,1)
[2026-02-20 21:01:32] [TARGET] System: MineTarget: tile graphic=0x053D in_list=True
[2026-02-20 21:01:32] [TARGET] MineTarget: rel=(0,1) graphic=0x053D land=True has_target=True
[2026-02-20 21:01:32] [TARGET] MineTarget: method=TargetTileRel has_target=False
[2026-02-20 21:01:33] [TARGET] Journal: Where do you wish to dig?
[2026-02-20 21:01:33] [TARGET] MineTarget: attempt target=(1807,448,-90) rel=(-1,0)
[2026-02-20 21:01:33] [TARGET] System: MineTarget: tile graphic=0x053C in_list=True
[2026-02-20 21:01:33] [TARGET] MineTarget: rel=(-1,0) graphic=0x053C land=True has_target=True
[2026-02-20 21:01:33] [TARGET] MineTarget: method=TargetTileRel has_target=False
[2026-02-20 21:01:34] [TARGET] Journal: Where do you wish to dig?
[2026-02-20 21:01:34] [TARGET] MineTarget: attempt target=(1809,448,-90) rel=(1,0)
[2026-02-20 21:01:34] [TARGET] System: MineTarget: tile graphic=0x053F in_list=True
[2026-02-20 21:01:34] [TARGET] MineTarget: rel=(1,0) graphic=0x053F land=True has_target=True
[2026-02-20 21:01:35] [TARGET] MineTarget: method=TargetTileRel has_target=False
[2026-02-20 21:01:35] [TARGET] Journal: Where do you wish to dig?
[2026-02-20 21:01:36] [TARGET] MineTarget: attempt target=(1807,447,-90) rel=(-1,-1)
[2026-02-20 21:01:36] [TARGET] System: MineTarget: tile graphic=0x053F in_list=True
[2026-02-20 21:01:36] [TARGET] MineTarget: rel=(-1,-1) graphic=0x053F land=True has_target=True
[2026-02-20 21:01:36] [TARGET] MineTarget: method=TargetTileRel has_target=False
[2026-02-20 21:01:37] [TARGET] Journal: Where do you wish to dig?
[2026-02-20 21:01:37] [TARGET] MineTarget: attempt target=(1807,449,-90) rel=(-1,1)
[2026-02-20 21:01:37] [TARGET] System: MineTarget: tile graphic=0x053F in_list=True
[2026-02-20 21:01:37] [TARGET] MineTarget: rel=(-1,1) graphic=0x053F land=True has_target=True
[2026-02-20 21:01:37] [TARGET] MineTarget: method=TargetTileRel has_target=False
[2026-02-20 21:01:38] [TARGET] Journal: Where do you wish to dig?
[2026-02-20 21:01:38] [TARGET] MineTarget: attempt target=(1809,447,-90) rel=(1,-1)
[2026-02-20 21:01:38] [TARGET] System: MineTarget: tile graphic=0x053C in_list=True
[2026-02-20 21:01:38] [TARGET] MineTarget: rel=(1,-1) graphic=0x053C land=True has_target=True
[2026-02-20 21:01:38] [TARGET] MineTarget: method=TargetTileRel has_target=False
[2026-02-20 21:01:39] [TARGET] Journal: Where do you wish to dig?
[2026-02-20 21:01:39] [TARGET] MineTarget: attempt target=(1809,449,-90) rel=(1,1)
[2026-02-20 21:01:39] [TARGET] System: MineTarget: tile graphic=0x053C in_list=True
[2026-02-20 21:01:39] [TARGET] MineTarget: rel=(1,1) graphic=0x053C land=True has_target=True
[2026-02-20 21:01:40] [TARGET] MineTarget: method=TargetTileRel has_target=False
[2026-02-20 21:01:41] [TARGET] Journal: Where do you wish to dig?
[2026-02-20 21:01:41] [TARGET] MineTarget: attempt target=(1808,448,-90) rel=(0,0)
[2026-02-20 21:01:41] [TARGET] System: MineTarget: tile graphic=0x053B in_list=True
[2026-02-20 21:01:41] [TARGET] MineTarget: rel=(0,0) graphic=0x053B land=True has_target=True
[2026-02-20 21:01:41] [TARGET] MineTarget: method=TargetTileRel has_target=False
[2026-02-20 21:01:42] [TARGET] Journal: Where do you wish to dig?
[2026-02-20 21:01:42] [TARGET] MineTarget: attempt target=(1808,447,-90) rel=(0,-1)
[2026-02-20 21:01:42] [TARGET] System: MineTarget: tile graphic=0x053E in_list=True
[2026-02-20 21:01:42] [TARGET] MineTarget: rel=(0,-1) graphic=0x053E land=True has_target=True
[2026-02-20 21:01:42] [TARGET] MineTarget: method=TargetTileRel has_target=False
[2026-02-20 21:01:43] [TARGET] Journal: Where do you wish to dig?
[2026-02-20 21:01:43] [TARGET] MineTarget: attempt target=(1808,449,-90) rel=(0,1)
[2026-02-20 21:01:43] [TARGET] System: MineTarget: tile graphic=0x053D in_list=True
[2026-02-20 21:01:43] [TARGET] MineTarget: rel=(0,1) graphic=0x053D land=True has_target=True
[2026-02-20 21:01:44] [TARGET] MineTarget: method=TargetTileRel has_target=False
[2026-02-20 21:01:44] [TARGET] Journal: Where do you wish to dig?
[2026-02-20 21:01:44] [TARGET] Journal: You loosen some rocks but fail to find any useable ore.
[2026-02-20 21:01:45] [TARGET] MineTarget: attempt target=(1807,448,-90) rel=(-1,0)
[2026-02-20 21:01:45] [TARGET] System: MineTarget: tile graphic=0x053C in_list=True
[2026-02-20 21:01:45] [TARGET] MineTarget: rel=(-1,0) graphic=0x053C land=True has_target=True
[2026-02-20 21:01:45] [TARGET] MineTarget: method=TargetTileRel has_target=False
[2026-02-20 21:01:46] [TARGET] Journal: Where do you wish to dig?
[2026-02-20 21:01:46] [TARGET] MineTarget: attempt target=(1809,448,-90) rel=(1,0)
[2026-02-20 21:01:46] [TARGET] System: MineTarget: tile graphic=0x053F in_list=True
[2026-02-20 21:01:46] [TARGET] MineTarget: rel=(1,0) graphic=0x053F land=True has_target=True
[2026-02-20 21:01:46] [TARGET] MineTarget: method=TargetTileRel has_target=False
[2026-02-20 21:01:47] [TARGET] Journal: Where do you wish to dig?
[2026-02-20 21:01:47] [TARGET] MineTarget: attempt target=(1807,447,-90) rel=(-1,-1)
[2026-02-20 21:01:47] [TARGET] System: MineTarget: tile graphic=0x053F in_list=True
[2026-02-20 21:01:47] [TARGET] MineTarget: rel=(-1,-1) graphic=0x053F land=True has_target=True
[2026-02-20 21:01:47] [TARGET] MineTarget: method=TargetTileRel has_target=False
[2026-02-20 21:01:48] [TARGET] Journal: Where do you wish to dig?
[2026-02-20 21:01:48] [TARGET] MineTarget: attempt target=(1807,449,-90) rel=(-1,1)
[2026-02-20 21:01:48] [TARGET] System: MineTarget: tile graphic=0x053F in_list=True
[2026-02-20 21:01:48] [TARGET] MineTarget: rel=(-1,1) graphic=0x053F land=True has_target=True
[2026-02-20 21:01:49] [TARGET] MineTarget: method=TargetTileRel has_target=False
[2026-02-20 21:01:49] [TARGET] Journal: Where do you wish to dig?
[2026-02-20 21:01:50] [TARGET] MineTarget: attempt target=(1809,447,-90) rel=(1,-1)
[2026-02-20 21:01:50] [TARGET] System: MineTarget: tile graphic=0x053C in_list=True
[2026-02-20 21:01:50] [TARGET] MineTarget: rel=(1,-1) graphic=0x053C land=True has_target=True
[2026-02-20 21:01:50] [TARGET] MineTarget: method=TargetTileRel has_target=False
[2026-02-20 21:01:51] [TARGET] Journal: Where do you wish to dig?
[2026-02-20 21:01:51] [TARGET] MineTarget: attempt target=(1809,449,-90) rel=(1,1)
[2026-02-20 21:01:51] [TARGET] System: MineTarget: tile graphic=0x053C in_list=True
[2026-02-20 21:01:51] [TARGET] MineTarget: rel=(1,1) graphic=0x053C land=True has_target=True
[2026-02-20 21:01:51] [TARGET] MineTarget: method=TargetTileRel has_target=False
[2026-02-20 21:01:52] [TARGET] Journal: Where do you wish to dig?
[2026-02-20 21:01:52] [RUN] Overweight detected.
[2026-02-20 21:01:52] [RUN] Overweight: recall to unload.
[2026-02-20 21:01:52] [RUN] Recalling home to unload.
[2026-02-20 21:01:59] [RUN] Unloading resources to containers.
[2026-02-20 21:01:59] [RUN] Unload: 25 items in backpack.
[2026-02-20 21:02:08] [RUN] Restocking ingots from drop container.
[2026-02-20 21:02:09] [RUN] Ensuring at least two shovels.
[2026-02-20 21:02:10] [RUN] Recalling to mining rune 79.
[2026-02-20 21:02:14] [TARGET] MineTarget: set center=(1824,440,-90)
[2026-02-20 21:02:14] [TARGET] MineTarget: attempt target=(1824,440,-90) rel=(0,0)
[2026-02-20 21:02:14] [TARGET] System: MineTarget: tile graphic=0x0542 in_list=True
[2026-02-20 21:02:15] [TARGET] MineTarget: rel=(0,0) graphic=0x0542 land=True has_target=True
[2026-02-20 21:02:15] [TARGET] MineTarget: method=TargetTileRel has_target=False
[2026-02-20 21:02:16] [TARGET] Journal: Where do you wish to dig?
[2026-02-20 21:02:16] [TARGET] MineTarget: attempt target=(1824,439,-90) rel=(0,-1)
[2026-02-20 21:02:16] [TARGET] System: MineTarget: tile graphic=0x053C in_list=True
[2026-02-20 21:02:16] [TARGET] MineTarget: rel=(0,-1) graphic=0x053C land=True has_target=True
[2026-02-20 21:02:16] [TARGET] MineTarget: method=TargetTileRel has_target=False
[2026-02-20 21:02:17] [TARGET] Journal: Where do you wish to dig?
[2026-02-20 21:02:17] [TARGET] MineTarget: attempt target=(1824,441,-90) rel=(0,1)
[2026-02-20 21:02:17] [TARGET] System: MineTarget: tile graphic=0x022F in_list=False
[2026-02-20 21:02:17] [TARGET] MineTarget: non-mineable tile; canceling target.
[2026-02-20 21:02:20] [TARGET] MineTarget: attempt target=(1823,440,-90) rel=(-1,0)
[2026-02-20 21:02:20] [TARGET] System: MineTarget: tile graphic=0x053D in_list=True
[2026-02-20 21:02:20] [TARGET] MineTarget: rel=(-1,0) graphic=0x053D land=True has_target=True
[2026-02-20 21:02:20] [TARGET] MineTarget: method=TargetTileRel has_target=False
[2026-02-20 21:02:21] [TARGET] Journal: Where do you wish to dig?
[2026-02-20 21:02:21] [TARGET] MineTarget: attempt target=(1825,440,-90) rel=(1,0)
[2026-02-20 21:02:21] [TARGET] System: MineTarget: tile graphic=0x0541 in_list=True
[2026-02-20 21:02:21] [TARGET] MineTarget: rel=(1,0) graphic=0x0541 land=True has_target=True
[2026-02-20 21:02:21] [TARGET] MineTarget: method=TargetTileRel has_target=False
[2026-02-20 21:02:22] [TARGET] Journal: Where do you wish to dig?
[2026-02-20 21:02:22] [TARGET] MineTarget: attempt target=(1823,439,-90) rel=(-1,-1)
[2026-02-20 21:02:22] [TARGET] System: MineTarget: tile graphic=0x053C in_list=True
[2026-02-20 21:02:22] [TARGET] MineTarget: rel=(-1,-1) graphic=0x053C land=True has_target=True
[2026-02-20 21:02:22] [TARGET] MineTarget: method=TargetTileRel has_target=False
[2026-02-20 21:02:23] [TARGET] Journal: Where do you wish to dig?
[2026-02-20 21:02:23] [TARGET] MineTarget: attempt target=(1823,441,-90) rel=(-1,1)
[2026-02-20 21:02:23] [TARGET] System: MineTarget: tile graphic=0x0544 in_list=True
[2026-02-20 21:02:23] [TARGET] MineTarget: rel=(-1,1) graphic=0x0544 land=True has_target=True
[2026-02-20 21:02:24] [TARGET] MineTarget: method=TargetTileRel has_target=False
[2026-02-20 21:02:24] [TARGET] Journal: Where do you wish to dig?
[2026-02-20 21:02:25] [TARGET] MineTarget: attempt target=(1825,439,-90) rel=(1,-1)
[2026-02-20 21:02:25] [TARGET] System: MineTarget: tile graphic=0x053E in_list=True
[2026-02-20 21:02:25] [TARGET] MineTarget: rel=(1,-1) graphic=0x053E land=True has_target=True
[2026-02-20 21:02:25] [TARGET] MineTarget: method=TargetTileRel has_target=False
[2026-02-20 21:02:26] [TARGET] Journal: Where do you wish to dig?
[2026-02-20 21:02:26] [TARGET] MineTarget: attempt target=(1825,441,-90) rel=(1,1)
[2026-02-20 21:02:26] [TARGET] System: MineTarget: tile graphic=0x022E in_list=False
[2026-02-20 21:02:26] [TARGET] MineTarget: non-mineable tile; canceling target.
[2026-02-20 21:02:28] [TARGET] MineTarget: attempt target=(1824,440,-90) rel=(0,0)
[2026-02-20 21:02:28] [TARGET] System: MineTarget: tile graphic=0x0542 in_list=True
[2026-02-20 21:02:28] [TARGET] MineTarget: rel=(0,0) graphic=0x0542 land=True has_target=True
[2026-02-20 21:02:29] [TARGET] MineTarget: method=TargetTileRel has_target=False
[2026-02-20 21:02:29] [TARGET] Journal: Where do you wish to dig?
[2026-02-20 21:02:30] [TARGET] MineTarget: attempt target=(1824,439,-90) rel=(0,-1)
[2026-02-20 21:02:30] [TARGET] System: MineTarget: tile graphic=0x053C in_list=True
[2026-02-20 21:02:30] [TARGET] MineTarget: rel=(0,-1) graphic=0x053C land=True has_target=True
[2026-02-20 21:02:30] [TARGET] MineTarget: method=TargetTileRel has_target=False
[2026-02-20 21:02:31] [TARGET] Journal: Where do you wish to dig?
[2026-02-20 21:02:31] [TARGET] MineTarget: attempt target=(1823,440,-90) rel=(-1,0)
[2026-02-20 21:02:31] [TARGET] System: MineTarget: tile graphic=0x053D in_list=True
[2026-02-20 21:02:31] [TARGET] MineTarget: rel=(-1,0) graphic=0x053D land=True has_target=True
[2026-02-20 21:02:31] [TARGET] MineTarget: method=TargetTileRel has_target=False
[2026-02-20 21:02:32] [TARGET] Journal: Where do you wish to dig?
[2026-02-20 21:02:32] [TARGET] MineTarget: attempt target=(1825,440,-90) rel=(1,0)
[2026-02-20 21:02:32] [TARGET] System: MineTarget: tile graphic=0x0541 in_list=True
[2026-02-20 21:02:32] [TARGET] MineTarget: rel=(1,0) graphic=0x0541 land=True has_target=True
[2026-02-20 21:02:32] [TARGET] MineTarget: method=TargetTileRel has_target=False
[2026-02-20 21:02:33] [TARGET] Journal: Where do you wish to dig?
[2026-02-20 21:02:33] [TARGET] MineTarget: attempt target=(1823,439,-90) rel=(-1,-1)
[2026-02-20 21:02:33] [TARGET] System: MineTarget: tile graphic=0x053C in_list=True
[2026-02-20 21:02:33] [TARGET] MineTarget: rel=(-1,-1) graphic=0x053C land=True has_target=True
[2026-02-20 21:02:33] [TARGET] MineTarget: method=TargetTileRel has_target=False
[2026-02-20 21:02:34] [TARGET] Journal: Where do you wish to dig?
[2026-02-20 21:02:35] [TARGET] MineTarget: attempt target=(1823,441,-90) rel=(-1,1)
[2026-02-20 21:02:35] [TARGET] System: MineTarget: tile graphic=0x0544 in_list=True
[2026-02-20 21:02:35] [TARGET] MineTarget: rel=(-1,1) graphic=0x0544 land=True has_target=True
[2026-02-20 21:02:35] [TARGET] MineTarget: method=TargetTileRel has_target=False
[2026-02-20 21:02:36] [TARGET] Journal: Where do you wish to dig?
[2026-02-20 21:02:36] [TARGET] MineTarget: attempt target=(1825,439,-90) rel=(1,-1)
[2026-02-20 21:02:36] [TARGET] System: MineTarget: tile graphic=0x053E in_list=True
[2026-02-20 21:02:36] [TARGET] MineTarget: rel=(1,-1) graphic=0x053E land=True has_target=True
[2026-02-20 21:02:36] [TARGET] MineTarget: method=TargetTileRel has_target=False
[2026-02-20 21:02:37] [TARGET] Journal: Where do you wish to dig?
[2026-02-20 21:02:37] [RUN] Overweight detected.
[2026-02-20 21:02:37] [RUN] Overweight: recall to unload.
[2026-02-20 21:02:37] [RUN] Recalling home to unload.
[2026-02-20 21:02:44] [RUN] Unloading resources to containers.
[2026-02-20 21:02:44] [RUN] Unload: 22 items in backpack.
[2026-02-20 21:02:50] [RUN] Restocking ingots from drop container.
[2026-02-20 21:02:51] [RUN] Ensuring at least two shovels.
[2026-02-20 21:02:52] [RUN] Recalling to mining rune 80.
[2026-02-20 21:02:56] [TARGET] MineTarget: set center=(1824,424,-90)
[2026-02-20 21:02:56] [TARGET] MineTarget: attempt target=(1824,424,-90) rel=(0,0)
[2026-02-20 21:02:56] [TARGET] System: MineTarget: tile graphic=0x053C in_list=True
[2026-02-20 21:02:56] [TARGET] MineTarget: rel=(0,0) graphic=0x053C land=True has_target=True
[2026-02-20 21:02:56] [TARGET] MineTarget: method=TargetTileRel has_target=False
[2026-02-20 21:02:57] [TARGET] Journal: Where do you wish to dig?
[2026-02-20 21:02:57] [TARGET] MineTarget: attempt target=(1824,423,-90) rel=(0,-1)
[2026-02-20 21:02:57] [TARGET] System: MineTarget: tile graphic=0x053F in_list=True
[2026-02-20 21:02:57] [TARGET] MineTarget: rel=(0,-1) graphic=0x053F land=True has_target=True
[2026-02-20 21:02:57] [TARGET] MineTarget: method=TargetTileRel has_target=False
[2026-02-20 21:02:58] [TARGET] Journal: Where do you wish to dig?
[2026-02-20 21:02:58] [TARGET] MineTarget: attempt target=(1824,425,-90) rel=(0,1)
[2026-02-20 21:02:58] [TARGET] System: MineTarget: tile graphic=0x053D in_list=True
[2026-02-20 21:02:58] [TARGET] MineTarget: rel=(0,1) graphic=0x053D land=True has_target=True
[2026-02-20 21:02:59] [TARGET] MineTarget: method=TargetTileRel has_target=False
[2026-02-20 21:02:59] [TARGET] Journal: Where do you wish to dig?
[2026-02-20 21:03:00] [TARGET] MineTarget: attempt target=(1823,424,-90) rel=(-1,0)
[2026-02-20 21:03:00] [TARGET] System: MineTarget: tile graphic=0x053C in_list=True
[2026-02-20 21:03:00] [TARGET] MineTarget: rel=(-1,0) graphic=0x053C land=True has_target=True
[2026-02-20 21:03:00] [TARGET] MineTarget: method=TargetTileRel has_target=False
[2026-02-20 21:03:01] [TARGET] Journal: Where do you wish to dig?
[2026-02-20 21:03:01] [TARGET] MineTarget: attempt target=(1825,424,-90) rel=(1,0)
[2026-02-20 21:03:01] [TARGET] System: MineTarget: tile graphic=0x053E in_list=True
[2026-02-20 21:03:01] [TARGET] MineTarget: rel=(1,0) graphic=0x053E land=True has_target=True
[2026-02-20 21:03:01] [TARGET] MineTarget: method=TargetTileRel has_target=False
[2026-02-20 21:03:02] [TARGET] Journal: Where do you wish to dig?
[2026-02-20 21:03:02] [TARGET] MineTarget: attempt target=(1823,423,-90) rel=(-1,-1)
[2026-02-20 21:03:02] [TARGET] System: MineTarget: tile graphic=0x053F in_list=True
[2026-02-20 21:03:02] [TARGET] MineTarget: rel=(-1,-1) graphic=0x053F land=True has_target=True
[2026-02-20 21:03:02] [TARGET] MineTarget: method=TargetTileRel has_target=False
[2026-02-20 21:03:03] [TARGET] Journal: Where do you wish to dig?
[2026-02-20 21:03:03] [TARGET] MineTarget: attempt target=(1823,425,-90) rel=(-1,1)
[2026-02-20 21:03:03] [TARGET] System: MineTarget: tile graphic=0x053D in_list=True
[2026-02-20 21:03:03] [TARGET] MineTarget: rel=(-1,1) graphic=0x053D land=True has_target=True
[2026-02-20 21:03:04] [TARGET] MineTarget: method=TargetTileRel has_target=False
[2026-02-20 21:03:04] [TARGET] Journal: Where do you wish to dig?
[2026-02-20 21:03:05] [TARGET] MineTarget: attempt target=(1825,423,-90) rel=(1,-1)
[2026-02-20 21:03:05] [TARGET] System: MineTarget: tile graphic=0x053E in_list=True
[2026-02-20 21:03:05] [TARGET] MineTarget: rel=(1,-1) graphic=0x053E land=True has_target=True
[2026-02-20 21:03:05] [TARGET] MineTarget: method=TargetTileRel has_target=False
[2026-02-20 21:03:06] [TARGET] Journal: Where do you wish to dig?
[2026-02-20 21:03:06] [TARGET] MineTarget: attempt target=(1825,425,-90) rel=(1,1)
[2026-02-20 21:03:06] [TARGET] System: MineTarget: tile graphic=0x053C in_list=True
[2026-02-20 21:03:06] [TARGET] MineTarget: rel=(1,1) graphic=0x053C land=True has_target=True
[2026-02-20 21:03:06] [TARGET] MineTarget: method=TargetTileRel has_target=False
[2026-02-20 21:03:07] [TARGET] Journal: Where do you wish to dig?
[2026-02-20 21:03:07] [TARGET] MineTarget: attempt target=(1824,424,-90) rel=(0,0)
[2026-02-20 21:03:07] [TARGET] System: MineTarget: tile graphic=0x053C in_list=True
[2026-02-20 21:03:07] [TARGET] MineTarget: rel=(0,0) graphic=0x053C land=True has_target=True
[2026-02-20 21:03:07] [TARGET] MineTarget: method=TargetTileRel has_target=False
[2026-02-20 21:03:08] [TARGET] Journal: Where do you wish to dig?
[2026-02-20 21:03:08] [TARGET] MineTarget: attempt target=(1824,423,-90) rel=(0,-1)
[2026-02-20 21:03:08] [TARGET] System: MineTarget: tile graphic=0x053F in_list=True
[2026-02-20 21:03:08] [TARGET] MineTarget: rel=(0,-1) graphic=0x053F land=True has_target=True
[2026-02-20 21:03:08] [TARGET] MineTarget: method=TargetTileRel has_target=False
[2026-02-20 21:03:09] [TARGET] Journal: Where do you wish to dig?
[2026-02-20 21:03:09] [TARGET] MineTarget: attempt target=(1824,425,-90) rel=(0,1)
[2026-02-20 21:03:09] [TARGET] System: MineTarget: tile graphic=0x053D in_list=True
[2026-02-20 21:03:09] [TARGET] MineTarget: rel=(0,1) graphic=0x053D land=True has_target=True
[2026-02-20 21:03:10] [TARGET] MineTarget: method=TargetTileRel has_target=False
[2026-02-20 21:03:10] [TARGET] Journal: Where do you wish to dig?
[2026-02-20 21:03:11] [TARGET] MineTarget: attempt target=(1823,424,-90) rel=(-1,0)
[2026-02-20 21:03:11] [TARGET] System: MineTarget: tile graphic=0x053C in_list=True
[2026-02-20 21:03:11] [TARGET] MineTarget: rel=(-1,0) graphic=0x053C land=True has_target=True
[2026-02-20 21:03:11] [TARGET] MineTarget: method=TargetTileRel has_target=False
[2026-02-20 21:03:12] [TARGET] Journal: Where do you wish to dig?
[2026-02-20 21:03:12] [TARGET] Journal: You loosen some rocks but fail to find any useable ore.
[2026-02-20 21:03:12] [TARGET] MineTarget: attempt target=(1825,424,-90) rel=(1,0)
[2026-02-20 21:03:12] [TARGET] System: MineTarget: tile graphic=0x053E in_list=True
[2026-02-20 21:03:12] [TARGET] MineTarget: rel=(1,0) graphic=0x053E land=True has_target=True
[2026-02-20 21:03:12] [TARGET] MineTarget: method=TargetTileRel has_target=False
[2026-02-20 21:03:13] [TARGET] Journal: Where do you wish to dig?
[2026-02-20 21:03:13] [TARGET] MineTarget: attempt target=(1823,423,-90) rel=(-1,-1)
[2026-02-20 21:03:13] [TARGET] System: MineTarget: tile graphic=0x053F in_list=True
[2026-02-20 21:03:13] [TARGET] MineTarget: rel=(-1,-1) graphic=0x053F land=True has_target=True
[2026-02-20 21:03:13] [TARGET] MineTarget: method=TargetTileRel has_target=False
[2026-02-20 21:03:14] [TARGET] Journal: Where do you wish to dig?
[2026-02-20 21:03:14] [TARGET] MineTarget: attempt target=(1823,425,-90) rel=(-1,1)
[2026-02-20 21:03:14] [TARGET] System: MineTarget: tile graphic=0x053D in_list=True
[2026-02-20 21:03:14] [TARGET] MineTarget: rel=(-1,1) graphic=0x053D land=True has_target=True
[2026-02-20 21:03:15] [TARGET] MineTarget: method=TargetTileRel has_target=False
[2026-02-20 21:03:15] [TARGET] Journal: Where do you wish to dig?
[2026-02-20 21:03:15] [TARGET] Journal: You loosen some rocks but fail to find any useable ore.
[2026-02-20 21:03:16] [TARGET] MineTarget: attempt target=(1825,423,-90) rel=(1,-1)
[2026-02-20 21:03:16] [TARGET] System: MineTarget: tile graphic=0x053E in_list=True
[2026-02-20 21:03:16] [TARGET] MineTarget: rel=(1,-1) graphic=0x053E land=True has_target=True
[2026-02-20 21:03:16] [TARGET] MineTarget: method=TargetTileRel has_target=False
[2026-02-20 21:03:17] [TARGET] Journal: Where do you wish to dig?
[2026-02-20 21:03:17] [RUN] Overweight detected.
[2026-02-20 21:03:17] [RUN] Overweight: recall to unload.
[2026-02-20 21:03:17] [RUN] Recalling home to unload.
[2026-02-20 21:03:24] [RUN] Unloading resources to containers.
[2026-02-20 21:03:24] [RUN] Unload: 22 items in backpack.
[2026-02-20 21:03:30] [RUN] Restocking ingots from drop container.
[2026-02-20 21:03:31] [RUN] Ensuring at least two shovels.
[2026-02-20 21:03:32] [RUN] Recalling to mining rune 81.
[2026-02-20 21:03:36] [TARGET] MineTarget: set center=(1824,400,-90)
[2026-02-20 21:03:36] [TARGET] MineTarget: attempt target=(1824,400,-90) rel=(0,0)
[2026-02-20 21:03:36] [TARGET] System: MineTarget: tile graphic=0x0540 in_list=True
[2026-02-20 21:03:36] [TARGET] MineTarget: rel=(0,0) graphic=0x0540 land=True has_target=True
[2026-02-20 21:03:36] [TARGET] MineTarget: method=TargetTileRel has_target=False
[2026-02-20 21:03:37] [TARGET] Journal: Where do you wish to dig?
[2026-02-20 21:03:37] [TARGET] MineTarget: attempt target=(1824,400,-90) rel=(0,0)
[2026-02-20 21:03:37] [TARGET] System: MineTarget: tile graphic=0x0540 in_list=True
[2026-02-20 21:03:37] [TARGET] MineTarget: rel=(0,0) graphic=0x0540 land=True has_target=True
[2026-02-20 21:03:37] [TARGET] MineTarget: method=TargetTileRel has_target=False
[2026-02-20 21:03:38] [TARGET] Journal: Where do you wish to dig?
[2026-02-20 21:03:38] [TARGET] MineTarget: attempt target=(1824,399,-90) rel=(0,-1)
[2026-02-20 21:03:38] [TARGET] System: MineTarget: tile graphic=0x0545 in_list=True
[2026-02-20 21:03:38] [TARGET] MineTarget: rel=(0,-1) graphic=0x0545 land=True has_target=True
[2026-02-20 21:03:39] [TARGET] MineTarget: method=TargetTileRel has_target=False
[2026-02-20 21:03:39] [TARGET] Journal: Where do you wish to dig?
[2026-02-20 21:03:40] [TARGET] MineTarget: attempt target=(1824,401,-90) rel=(0,1)
[2026-02-20 21:03:40] [TARGET] System: MineTarget: tile graphic=0x022F in_list=False
[2026-02-20 21:03:40] [TARGET] MineTarget: non-mineable tile; canceling target.
[2026-02-20 21:03:42] [TARGET] MineTarget: attempt target=(1823,400,-90) rel=(-1,0)
[2026-02-20 21:03:42] [TARGET] System: MineTarget: tile graphic=0x053E in_list=True
[2026-02-20 21:03:42] [TARGET] MineTarget: rel=(-1,0) graphic=0x053E land=True has_target=True
[2026-02-20 21:03:42] [TARGET] MineTarget: method=TargetTileRel has_target=False
[2026-02-20 21:03:43] [TARGET] Journal: Where do you wish to dig?
[2026-02-20 21:03:43] [TARGET] MineTarget: attempt target=(1825,400,-90) rel=(1,0)
[2026-02-20 21:03:43] [TARGET] System: MineTarget: tile graphic=0x022F in_list=False
[2026-02-20 21:03:43] [TARGET] MineTarget: non-mineable tile; canceling target.
[2026-02-20 21:03:46] [TARGET] MineTarget: attempt target=(1823,399,-90) rel=(-1,-1)
[2026-02-20 21:03:46] [TARGET] System: MineTarget: tile graphic=0x053D in_list=True
[2026-02-20 21:03:46] [TARGET] MineTarget: rel=(-1,-1) graphic=0x053D land=True has_target=True
[2026-02-20 21:03:46] [TARGET] MineTarget: method=TargetTileRel has_target=False
[2026-02-20 21:03:47] [TARGET] Journal: Where do you wish to dig?
[2026-02-20 21:03:47] [TARGET] MineTarget: attempt target=(1823,401,-90) rel=(-1,1)
[2026-02-20 21:03:47] [TARGET] System: MineTarget: tile graphic=0x0545 in_list=True
[2026-02-20 21:03:47] [TARGET] MineTarget: rel=(-1,1) graphic=0x0545 land=True has_target=True
[2026-02-20 21:03:47] [TARGET] MineTarget: method=TargetTileRel has_target=False
[2026-02-20 21:03:48] [TARGET] Journal: Where do you wish to dig?
[2026-02-20 21:03:48] [TARGET] MineTarget: attempt target=(1825,399,-90) rel=(1,-1)
[2026-02-20 21:03:48] [TARGET] System: MineTarget: tile graphic=0x022F in_list=False
[2026-02-20 21:03:48] [TARGET] MineTarget: non-mineable tile; canceling target.
[2026-02-20 21:03:51] [TARGET] MineTarget: attempt target=(1825,401,-90) rel=(1,1)
[2026-02-20 21:03:51] [TARGET] System: MineTarget: tile graphic=0x022C in_list=False
[2026-02-20 21:03:51] [TARGET] MineTarget: non-mineable tile; canceling target.
[2026-02-20 21:03:54] [TARGET] MineTarget: attempt target=(1824,400,-90) rel=(0,0)
[2026-02-20 21:03:54] [TARGET] System: MineTarget: tile graphic=0x0540 in_list=True
[2026-02-20 21:03:54] [TARGET] MineTarget: rel=(0,0) graphic=0x0540 land=True has_target=True
[2026-02-20 21:03:54] [TARGET] MineTarget: method=TargetTileRel has_target=False
[2026-02-20 21:03:55] [TARGET] Journal: Where do you wish to dig?
[2026-02-20 21:03:55] [TARGET] MineTarget: attempt target=(1824,399,-90) rel=(0,-1)
[2026-02-20 21:03:55] [TARGET] System: MineTarget: tile graphic=0x0545 in_list=True
[2026-02-20 21:03:55] [TARGET] MineTarget: rel=(0,-1) graphic=0x0545 land=True has_target=True
[2026-02-20 21:03:55] [TARGET] MineTarget: method=TargetTileRel has_target=False
[2026-02-20 21:03:56] [TARGET] Journal: Where do you wish to dig?
[2026-02-20 21:03:56] [TARGET] MineTarget: attempt target=(1823,400,-90) rel=(-1,0)
[2026-02-20 21:03:56] [TARGET] System: MineTarget: tile graphic=0x053E in_list=True
[2026-02-20 21:03:56] [TARGET] MineTarget: rel=(-1,0) graphic=0x053E land=True has_target=True
[2026-02-20 21:03:56] [TARGET] MineTarget: method=TargetTileRel has_target=False
[2026-02-20 21:03:57] [TARGET] Journal: Where do you wish to dig?
[2026-02-20 21:03:57] [TARGET] MineTarget: attempt target=(1823,399,-90) rel=(-1,-1)
[2026-02-20 21:03:57] [TARGET] System: MineTarget: tile graphic=0x053D in_list=True
[2026-02-20 21:03:57] [TARGET] MineTarget: rel=(-1,-1) graphic=0x053D land=True has_target=True
[2026-02-20 21:03:58] [TARGET] MineTarget: method=TargetTileRel has_target=False
[2026-02-20 21:03:58] [TARGET] Journal: Where do you wish to dig?
[2026-02-20 21:03:59] [TARGET] MineTarget: attempt target=(1823,401,-90) rel=(-1,1)
[2026-02-20 21:03:59] [TARGET] System: MineTarget: tile graphic=0x0545 in_list=True
[2026-02-20 21:03:59] [TARGET] MineTarget: rel=(-1,1) graphic=0x0545 land=True has_target=True
[2026-02-20 21:03:59] [TARGET] MineTarget: method=TargetTileRel has_target=False
[2026-02-20 21:04:00] [TARGET] Journal: Where do you wish to dig?
[2026-02-20 21:04:00] [TARGET] Journal: You loosen some rocks but fail to find any useable ore.
[2026-02-20 21:04:00] [TARGET] MineTarget: attempt target=(1824,400,-90) rel=(0,0)
[2026-02-20 21:04:00] [TARGET] System: MineTarget: tile graphic=0x0540 in_list=True
[2026-02-20 21:04:00] [TARGET] MineTarget: rel=(0,0) graphic=0x0540 land=True has_target=True
[2026-02-20 21:04:00] [TARGET] MineTarget: method=TargetTileRel has_target=False
[2026-02-20 21:04:01] [TARGET] Journal: Where do you wish to dig?
[2026-02-20 21:04:01] [TARGET] MineTarget: attempt target=(1824,399,-90) rel=(0,-1)
[2026-02-20 21:04:01] [TARGET] System: MineTarget: tile graphic=0x0545 in_list=True
[2026-02-20 21:04:01] [TARGET] MineTarget: rel=(0,-1) graphic=0x0545 land=True has_target=True
[2026-02-20 21:04:01] [TARGET] MineTarget: method=TargetTileRel has_target=False
[2026-02-20 21:04:02] [TARGET] Journal: Where do you wish to dig?
[2026-02-20 21:04:02] [TARGET] MineTarget: attempt target=(1823,400,-90) rel=(-1,0)
[2026-02-20 21:04:02] [TARGET] System: MineTarget: tile graphic=0x053E in_list=True
[2026-02-20 21:04:02] [TARGET] MineTarget: rel=(-1,0) graphic=0x053E land=True has_target=True
[2026-02-20 21:04:02] [TARGET] MineTarget: method=TargetTileRel has_target=False
[2026-02-20 21:04:03] [TARGET] Journal: Where do you wish to dig?
[2026-02-20 21:04:03] [TARGET] MineTarget: attempt target=(1823,399,-90) rel=(-1,-1)
[2026-02-20 21:04:03] [TARGET] System: MineTarget: tile graphic=0x053D in_list=True
[2026-02-20 21:04:03] [TARGET] MineTarget: rel=(-1,-1) graphic=0x053D land=True has_target=True
[2026-02-20 21:04:04] [TARGET] MineTarget: method=TargetTileRel has_target=False
[2026-02-20 21:04:05] [TARGET] Journal: Where do you wish to dig?
[2026-02-20 21:04:05] [TARGET] MineTarget: attempt target=(1823,401,-90) rel=(-1,1)
[2026-02-20 21:04:05] [TARGET] System: MineTarget: tile graphic=0x0545 in_list=True
[2026-02-20 21:04:05] [TARGET] MineTarget: rel=(-1,1) graphic=0x0545 land=True has_target=True
[2026-02-20 21:04:05] [TARGET] MineTarget: method=TargetTileRel has_target=False
[2026-02-20 21:04:06] [TARGET] Journal: Where do you wish to dig?
[2026-02-20 21:04:06] [RUN] Overweight detected.
[2026-02-20 21:04:06] [RUN] Overweight: recall to unload.
[2026-02-20 21:04:06] [RUN] Recalling home to unload.
[2026-02-20 21:04:13] [RUN] Unloading resources to containers.
[2026-02-20 21:04:13] [RUN] Unload: 23 items in backpack.
[2026-02-20 21:04:21] [RUN] Restocking ingots from drop container.
[2026-02-20 21:04:22] [RUN] Ensuring at least two shovels.
[2026-02-20 21:04:23] [RUN] No DB craft path found for shovel.
[2026-02-20 21:04:23] [RUN] No DB craft path found for shovel.
[2026-02-20 21:04:24] [RUN] No DB craft path found for shovel.
[2026-02-20 21:04:24] [RUN] Crafting shovels failed repeatedly. Stopping attempt.
[2026-02-20 21:04:25] [RUN] Recalling to mining rune 82.
[2026-02-20 21:04:29] [TARGET] MineTarget: set center=(1816,384,-90)
[2026-02-20 21:04:29] [TARGET] MineTarget: attempt target=(1816,384,-90) rel=(0,0)
[2026-02-20 21:04:29] [TARGET] System: MineTarget: tile graphic=0x053F in_list=True
[2026-02-20 21:04:29] [TARGET] MineTarget: rel=(0,0) graphic=0x053F land=True has_target=True
[2026-02-20 21:04:29] [TARGET] MineTarget: method=TargetTileRel has_target=False
[2026-02-20 21:04:30] [TARGET] Journal: Where do you wish to dig?
[2026-02-20 21:04:30] [TARGET] MineTarget: attempt target=(1816,383,-90) rel=(0,-1)
[2026-02-20 21:04:30] [TARGET] System: MineTarget: tile graphic=0x053C in_list=True
[2026-02-20 21:04:30] [TARGET] MineTarget: rel=(0,-1) graphic=0x053C land=True has_target=True
[2026-02-20 21:04:31] [TARGET] MineTarget: method=TargetTileRel has_target=False
[2026-02-20 21:04:31] [TARGET] Journal: Where do you wish to dig?
[2026-02-20 21:04:32] [TARGET] MineTarget: attempt target=(1816,385,-90) rel=(0,1)
[2026-02-20 21:04:32] [TARGET] System: MineTarget: tile graphic=0x053C in_list=True
[2026-02-20 21:04:32] [TARGET] MineTarget: rel=(0,1) graphic=0x053C land=True has_target=True
[2026-02-20 21:04:32] [TARGET] MineTarget: method=TargetTileRel has_target=False
[2026-02-20 21:04:33] [TARGET] Journal: Where do you wish to dig?
[2026-02-20 21:04:33] [TARGET] MineTarget: attempt target=(1815,384,-90) rel=(-1,0)
[2026-02-20 21:04:33] [TARGET] System: MineTarget: tile graphic=0x053E in_list=True
[2026-02-20 21:04:33] [TARGET] MineTarget: rel=(-1,0) graphic=0x053E land=True has_target=True
[2026-02-20 21:04:33] [TARGET] MineTarget: method=TargetTileRel has_target=False
[2026-02-20 21:04:34] [TARGET] Journal: Where do you wish to dig?
[2026-02-20 21:04:34] [TARGET] MineTarget: attempt target=(1817,384,-90) rel=(1,0)
[2026-02-20 21:04:34] [TARGET] System: MineTarget: tile graphic=0x053D in_list=True
[2026-02-20 21:04:34] [TARGET] MineTarget: rel=(1,0) graphic=0x053D land=True has_target=True
[2026-02-20 21:04:34] [TARGET] MineTarget: method=TargetTileRel has_target=False
[2026-02-20 21:04:35] [TARGET] Journal: Where do you wish to dig?
[2026-02-20 21:04:35] [TARGET] MineTarget: attempt target=(1815,383,-90) rel=(-1,-1)
[2026-02-20 21:04:35] [TARGET] System: MineTarget: tile graphic=0x053E in_list=True
[2026-02-20 21:04:35] [TARGET] MineTarget: rel=(-1,-1) graphic=0x053E land=True has_target=True
[2026-02-20 21:04:36] [TARGET] MineTarget: method=TargetTileRel has_target=False
[2026-02-20 21:04:36] [TARGET] Journal: Where do you wish to dig?
[2026-02-20 21:04:37] [TARGET] MineTarget: attempt target=(1815,385,-90) rel=(-1,1)
[2026-02-20 21:04:37] [TARGET] System: MineTarget: tile graphic=0x053C in_list=True
[2026-02-20 21:04:37] [TARGET] MineTarget: rel=(-1,1) graphic=0x053C land=True has_target=True
[2026-02-20 21:04:37] [TARGET] MineTarget: method=TargetTileRel has_target=False
[2026-02-20 21:04:38] [TARGET] Journal: Where do you wish to dig?
[2026-02-20 21:04:38] [TARGET] MineTarget: attempt target=(1817,383,-90) rel=(1,-1)
[2026-02-20 21:04:38] [TARGET] System: MineTarget: tile graphic=0x053B in_list=True
[2026-02-20 21:04:38] [TARGET] MineTarget: rel=(1,-1) graphic=0x053B land=True has_target=True
[2026-02-20 21:04:38] [TARGET] MineTarget: method=TargetTileRel has_target=False
[2026-02-20 21:04:39] [TARGET] Journal: Where do you wish to dig?
[2026-02-20 21:04:39] [TARGET] MineTarget: attempt target=(1817,385,-90) rel=(1,1)
[2026-02-20 21:04:39] [TARGET] System: MineTarget: tile graphic=0x053E in_list=True
[2026-02-20 21:04:39] [TARGET] MineTarget: rel=(1,1) graphic=0x053E land=True has_target=True
[2026-02-20 21:04:39] [TARGET] MineTarget: method=TargetTileRel has_target=False
[2026-02-20 21:04:40] [TARGET] Journal: Where do you wish to dig?
[2026-02-20 21:04:40] [TARGET] MineTarget: attempt target=(1816,384,-90) rel=(0,0)
[2026-02-20 21:04:40] [TARGET] System: MineTarget: tile graphic=0x053F in_list=True
[2026-02-20 21:04:40] [TARGET] MineTarget: rel=(0,0) graphic=0x053F land=True has_target=True
[2026-02-20 21:04:40] [TARGET] MineTarget: method=TargetTileRel has_target=False
[2026-02-20 21:04:41] [TARGET] Journal: Where do you wish to dig?
[2026-02-20 21:04:41] [TARGET] MineTarget: attempt target=(1816,383,-90) rel=(0,-1)
[2026-02-20 21:04:41] [TARGET] System: MineTarget: tile graphic=0x053C in_list=True
[2026-02-20 21:04:41] [TARGET] MineTarget: rel=(0,-1) graphic=0x053C land=True has_target=True
[2026-02-20 21:04:42] [TARGET] MineTarget: method=TargetTileRel has_target=False
[2026-02-20 21:04:42] [TARGET] Journal: Where do you wish to dig?
[2026-02-20 21:04:43] [TARGET] MineTarget: attempt target=(1816,385,-90) rel=(0,1)
[2026-02-20 21:04:43] [TARGET] System: MineTarget: tile graphic=0x053C in_list=True
[2026-02-20 21:04:43] [TARGET] MineTarget: rel=(0,1) graphic=0x053C land=True has_target=True
[2026-02-20 21:04:43] [TARGET] MineTarget: method=TargetTileRel has_target=False
[2026-02-20 21:04:44] [TARGET] Journal: Where do you wish to dig?
[2026-02-20 21:04:44] [TARGET] MineTarget: attempt target=(1815,384,-90) rel=(-1,0)
[2026-02-20 21:04:44] [TARGET] System: MineTarget: tile graphic=0x053E in_list=True
[2026-02-20 21:04:44] [TARGET] MineTarget: rel=(-1,0) graphic=0x053E land=True has_target=True
[2026-02-20 21:04:44] [TARGET] MineTarget: method=TargetTileRel has_target=False
[2026-02-20 21:04:45] [TARGET] Journal: Where do you wish to dig?
[2026-02-20 21:04:45] [TARGET] MineTarget: attempt target=(1817,384,-90) rel=(1,0)
[2026-02-20 21:04:45] [TARGET] System: MineTarget: tile graphic=0x053D in_list=True
[2026-02-20 21:04:45] [TARGET] MineTarget: rel=(1,0) graphic=0x053D land=True has_target=True
[2026-02-20 21:04:45] [TARGET] MineTarget: method=TargetTileRel has_target=False
[2026-02-20 21:04:46] [TARGET] Journal: Where do you wish to dig?
[2026-02-20 21:04:46] [TARGET] MineTarget: attempt target=(1815,383,-90) rel=(-1,-1)
[2026-02-20 21:04:46] [TARGET] System: MineTarget: tile graphic=0x053E in_list=True
[2026-02-20 21:04:46] [TARGET] MineTarget: rel=(-1,-1) graphic=0x053E land=True has_target=True
[2026-02-20 21:04:47] [TARGET] MineTarget: method=TargetTileRel has_target=False
[2026-02-20 21:04:47] [TARGET] Journal: Where do you wish to dig?
[2026-02-20 21:04:48] [TARGET] MineTarget: attempt target=(1815,385,-90) rel=(-1,1)
[2026-02-20 21:04:48] [TARGET] System: MineTarget: tile graphic=0x053C in_list=True
[2026-02-20 21:04:48] [TARGET] MineTarget: rel=(-1,1) graphic=0x053C land=True has_target=True
[2026-02-20 21:04:48] [TARGET] MineTarget: method=TargetTileRel has_target=False
[2026-02-20 21:04:49] [TARGET] Journal: Where do you wish to dig?
[2026-02-20 21:04:49] [TARGET] MineTarget: attempt target=(1817,383,-90) rel=(1,-1)
[2026-02-20 21:04:49] [TARGET] System: MineTarget: tile graphic=0x053B in_list=True
[2026-02-20 21:04:49] [TARGET] MineTarget: rel=(1,-1) graphic=0x053B land=True has_target=True
[2026-02-20 21:04:49] [TARGET] MineTarget: method=TargetTileRel has_target=False
[2026-02-20 21:04:50] [TARGET] Journal: Where do you wish to dig?
[2026-02-20 21:04:50] [RUN] Overweight detected.
[2026-02-20 21:04:50] [RUN] Overweight: recall to unload.
[2026-02-20 21:04:50] [RUN] Recalling home to unload.
[2026-02-20 21:04:57] [RUN] Unloading resources to containers.
[2026-02-20 21:04:57] [RUN] Unload: 23 items in backpack.
[2026-02-20 21:05:05] [RUN] Restocking ingots from drop container.
[2026-02-20 21:05:06] [RUN] Ensuring at least two shovels.
[2026-02-20 21:05:07] [RUN] No DB craft path found for shovel.
[2026-02-20 21:05:07] [RUN] No DB craft path found for shovel.
[2026-02-20 21:05:08] [RUN] No DB craft path found for shovel.
[2026-02-20 21:05:08] [RUN] Crafting shovels failed repeatedly. Stopping attempt.
[2026-02-20 21:05:09] [RUN] Recalling to mining rune 83.
[2026-02-20 21:05:13] [TARGET] MineTarget: set center=(1632,416,-85)
[2026-02-20 21:05:13] [TARGET] MineTarget: attempt target=(1632,416,-85) rel=(0,0)
[2026-02-20 21:05:13] [TARGET] System: MineTarget: tile graphic=0x053F in_list=True
[2026-02-20 21:05:13] [TARGET] MineTarget: rel=(0,0) graphic=0x053F land=True has_target=True
[2026-02-20 21:05:14] [TARGET] MineTarget: method=TargetTileRel has_target=False
[2026-02-20 21:05:14] [TARGET] Journal: Where do you wish to dig?
[2026-02-20 21:05:15] [TARGET] MineTarget: attempt target=(1632,415,-85) rel=(0,-1)
[2026-02-20 21:05:15] [TARGET] System: MineTarget: tile graphic=0x053D in_list=True
[2026-02-20 21:05:15] [TARGET] MineTarget: rel=(0,-1) graphic=0x053D land=True has_target=True
[2026-02-20 21:05:15] [TARGET] MineTarget: method=TargetTileRel has_target=False
[2026-02-20 21:05:16] [TARGET] Journal: Where do you wish to dig?
[2026-02-20 21:05:16] [TARGET] MineTarget: attempt target=(1632,417,-85) rel=(0,1)
[2026-02-20 21:05:16] [TARGET] System: MineTarget: tile graphic=0x053D in_list=True
[2026-02-20 21:05:16] [TARGET] MineTarget: rel=(0,1) graphic=0x053D land=True has_target=True
[2026-02-20 21:05:16] [TARGET] MineTarget: method=TargetTileRel has_target=False
[2026-02-20 21:05:17] [TARGET] Journal: Where do you wish to dig?
[2026-02-20 21:05:17] [TARGET] MineTarget: attempt target=(1631,416,-85) rel=(-1,0)
[2026-02-20 21:05:17] [TARGET] System: MineTarget: tile graphic=0x053F in_list=True
[2026-02-20 21:05:17] [TARGET] MineTarget: rel=(-1,0) graphic=0x053F land=True has_target=True
[2026-02-20 21:05:17] [TARGET] MineTarget: method=TargetTileRel has_target=False
[2026-02-20 21:05:18] [TARGET] Journal: Where do you wish to dig?
[2026-02-20 21:05:18] [TARGET] MineTarget: attempt target=(1633,416,-85) rel=(1,0)
[2026-02-20 21:05:18] [TARGET] System: MineTarget: tile graphic=0x053C in_list=True
[2026-02-20 21:05:18] [TARGET] MineTarget: rel=(1,0) graphic=0x053C land=True has_target=True
[2026-02-20 21:05:18] [TARGET] MineTarget: method=TargetTileRel has_target=False
[2026-02-20 21:05:19] [TARGET] Journal: Where do you wish to dig?
[2026-02-20 21:05:19] [TARGET] MineTarget: attempt target=(1631,415,-85) rel=(-1,-1)
[2026-02-20 21:05:19] [TARGET] System: MineTarget: tile graphic=0x053D in_list=True
[2026-02-20 21:05:19] [TARGET] MineTarget: rel=(-1,-1) graphic=0x053D land=True has_target=True
[2026-02-20 21:05:20] [TARGET] MineTarget: method=TargetTileRel has_target=False
[2026-02-20 21:05:20] [TARGET] Journal: Where do you wish to dig?
[2026-02-20 21:05:21] [TARGET] MineTarget: attempt target=(1631,417,-85) rel=(-1,1)
[2026-02-20 21:05:21] [TARGET] System: MineTarget: tile graphic=0x053C in_list=True
[2026-02-20 21:05:21] [TARGET] MineTarget: rel=(-1,1) graphic=0x053C land=True has_target=True
[2026-02-20 21:05:21] [TARGET] MineTarget: method=TargetTileRel has_target=False
[2026-02-20 21:05:22] [TARGET] Journal: Where do you wish to dig?
[2026-02-20 21:05:22] [TARGET] MineTarget: attempt target=(1633,415,-85) rel=(1,-1)
[2026-02-20 21:05:22] [TARGET] System: MineTarget: tile graphic=0x053C in_list=True
[2026-02-20 21:05:22] [TARGET] MineTarget: rel=(1,-1) graphic=0x053C land=True has_target=True
[2026-02-20 21:05:22] [TARGET] MineTarget: method=TargetTileRel has_target=False
[2026-02-20 21:05:23] [TARGET] Journal: Where do you wish to dig?
[2026-02-20 21:05:23] [TARGET] MineTarget: attempt target=(1633,417,-85) rel=(1,1)
[2026-02-20 21:05:23] [TARGET] System: MineTarget: tile graphic=0x053C in_list=True
[2026-02-20 21:05:23] [TARGET] MineTarget: rel=(1,1) graphic=0x053C land=True has_target=True
[2026-02-20 21:05:23] [TARGET] MineTarget: method=TargetTileRel has_target=False
[2026-02-20 21:05:24] [TARGET] Journal: Where do you wish to dig?
[2026-02-20 21:05:24] [TARGET] MineTarget: attempt target=(1632,416,-85) rel=(0,0)
[2026-02-20 21:05:24] [TARGET] System: MineTarget: tile graphic=0x053F in_list=True
[2026-02-20 21:05:24] [TARGET] MineTarget: rel=(0,0) graphic=0x053F land=True has_target=True
[2026-02-20 21:05:25] [TARGET] MineTarget: method=TargetTileRel has_target=False
[2026-02-20 21:05:25] [TARGET] Journal: Where do you wish to dig?
[2026-02-20 21:05:26] [TARGET] MineTarget: attempt target=(1632,415,-85) rel=(0,-1)
[2026-02-20 21:05:26] [TARGET] System: MineTarget: tile graphic=0x053D in_list=True
[2026-02-20 21:05:26] [TARGET] MineTarget: rel=(0,-1) graphic=0x053D land=True has_target=True
[2026-02-20 21:05:26] [TARGET] MineTarget: method=TargetTileRel has_target=False
[2026-02-20 21:05:27] [TARGET] Journal: Where do you wish to dig?
[2026-02-20 21:05:27] [TARGET] MineTarget: attempt target=(1632,417,-85) rel=(0,1)
[2026-02-20 21:05:27] [TARGET] System: MineTarget: tile graphic=0x053D in_list=True
[2026-02-20 21:05:27] [TARGET] MineTarget: rel=(0,1) graphic=0x053D land=True has_target=True
[2026-02-20 21:05:27] [TARGET] MineTarget: method=TargetTileRel has_target=False
[2026-02-20 21:05:28] [TARGET] Journal: Where do you wish to dig?
[2026-02-20 21:05:28] [TARGET] MineTarget: attempt target=(1631,416,-85) rel=(-1,0)
[2026-02-20 21:05:28] [TARGET] System: MineTarget: tile graphic=0x053F in_list=True
[2026-02-20 21:05:28] [TARGET] MineTarget: rel=(-1,0) graphic=0x053F land=True has_target=True
[2026-02-20 21:05:28] [TARGET] MineTarget: method=TargetTileRel has_target=False
[2026-02-20 21:05:29] [TARGET] Journal: Where do you wish to dig?
[2026-02-20 21:05:29] [TARGET] MineTarget: attempt target=(1633,416,-85) rel=(1,0)
[2026-02-20 21:05:29] [TARGET] System: MineTarget: tile graphic=0x053C in_list=True
[2026-02-20 21:05:29] [TARGET] MineTarget: rel=(1,0) graphic=0x053C land=True has_target=True
[2026-02-20 21:05:29] [TARGET] MineTarget: method=TargetTileRel has_target=False
[2026-02-20 21:05:30] [TARGET] Journal: Where do you wish to dig?
[2026-02-20 21:05:30] [TARGET] Journal: You loosen some rocks but fail to find any useable ore.
[2026-02-20 21:05:30] [TARGET] MineTarget: attempt target=(1631,415,-85) rel=(-1,-1)
[2026-02-20 21:05:30] [TARGET] System: MineTarget: tile graphic=0x053D in_list=True
[2026-02-20 21:05:30] [TARGET] MineTarget: rel=(-1,-1) graphic=0x053D land=True has_target=True
[2026-02-20 21:05:31] [TARGET] MineTarget: method=TargetTileRel has_target=False
[2026-02-20 21:05:31] [TARGET] Journal: Where do you wish to dig?
[2026-02-20 21:05:32] [TARGET] MineTarget: attempt target=(1631,417,-85) rel=(-1,1)
[2026-02-20 21:05:32] [TARGET] System: MineTarget: tile graphic=0x053C in_list=True
[2026-02-20 21:05:32] [TARGET] MineTarget: rel=(-1,1) graphic=0x053C land=True has_target=True
[2026-02-20 21:05:32] [TARGET] MineTarget: method=TargetTileRel has_target=False
[2026-02-20 21:05:33] [TARGET] Journal: Where do you wish to dig?
[2026-02-20 21:05:33] [TARGET] MineTarget: attempt target=(1633,415,-85) rel=(1,-1)
[2026-02-20 21:05:33] [TARGET] System: MineTarget: tile graphic=0x053C in_list=True
[2026-02-20 21:05:33] [TARGET] MineTarget: rel=(1,-1) graphic=0x053C land=True has_target=True
[2026-02-20 21:05:33] [TARGET] MineTarget: method=TargetTileRel has_target=False
[2026-02-20 21:05:34] [TARGET] Journal: Where do you wish to dig?
[2026-02-20 21:05:34] [RUN] Overweight detected.
[2026-02-20 21:05:34] [RUN] Overweight: recall to unload.
[2026-02-20 21:05:34] [RUN] Recalling home to unload.
[2026-02-20 21:05:41] [RUN] Unloading resources to containers.
[2026-02-20 21:05:41] [RUN] Unload: 23 items in backpack.
[2026-02-20 21:05:49] [RUN] Restocking ingots from drop container.
[2026-02-20 21:05:50] [RUN] Ensuring at least two shovels.
[2026-02-20 21:05:51] [RUN] No DB craft path found for shovel.
[2026-02-20 21:05:51] [RUN] No DB craft path found for shovel.
[2026-02-20 21:05:52] [RUN] No DB craft path found for shovel.
[2026-02-20 21:05:52] [RUN] Crafting shovels failed repeatedly. Stopping attempt.
[2026-02-20 21:05:53] [RUN] Recalling to mining rune 84.
[2026-02-20 21:05:57] [TARGET] MineTarget: set center=(1648,408,-85)
[2026-02-20 21:05:57] [TARGET] MineTarget: attempt target=(1648,408,-85) rel=(0,0)
[2026-02-20 21:05:57] [TARGET] System: MineTarget: tile graphic=0x053E in_list=True
[2026-02-20 21:05:57] [TARGET] MineTarget: rel=(0,0) graphic=0x053E land=True has_target=True
[2026-02-20 21:05:58] [TARGET] MineTarget: method=TargetTileRel has_target=False
[2026-02-20 21:05:58] [TARGET] Journal: Where do you wish to dig?
[2026-02-20 21:05:59] [TARGET] MineTarget: attempt target=(1648,407,-85) rel=(0,-1)
[2026-02-20 21:05:59] [TARGET] System: MineTarget: tile graphic=0x053C in_list=True
[2026-02-20 21:05:59] [TARGET] MineTarget: rel=(0,-1) graphic=0x053C land=True has_target=True
[2026-02-20 21:05:59] [TARGET] MineTarget: method=TargetTileRel has_target=False
[2026-02-20 21:06:00] [TARGET] Journal: Where do you wish to dig?
[2026-02-20 21:06:00] [RUN] Recalling home to unload.
[2026-02-20 21:06:07] [RUN] Unloading resources to containers.
[2026-02-20 21:06:07] [RUN] Unload: 18 items in backpack.
[2026-02-20 21:06:10] [RUN] Restocking ingots from drop container.
[2026-02-20 21:06:12] [RUN] Ensuring at least two shovels.
[2026-02-20 21:06:12] [RUN] No DB craft path found for shovel.
[2026-02-20 21:06:13] [RUN] No DB craft path found for shovel.
[2026-02-20 21:06:13] [RUN] No DB craft path found for shovel.
[2026-02-20 21:06:14] [RUN] Crafting shovels failed repeatedly. Stopping attempt.
[2026-02-20 21:06:14] [RUN] No DB craft path found for shovel.
[2026-02-20 21:06:15] [RUN] Recalling to mining rune 85.
[2026-02-20 21:06:19] [RUN] Out of tools.
[2026-02-20 22:02:13] [RUN] You are out of mining equipment.
[2026-02-20 22:02:13] [RUN] AutoMiner loaded. Press Start on the gump to begin.
[2026-02-20 22:02:15] [RUN] Craftables.db primes crafting paths
[2026-02-20 22:02:15] [RUN] Mining: ON
[2026-02-20 22:02:15] [RUN] Mining started...
[2026-02-20 22:02:15] [RUN] No DB craft path found for shovel.
[2026-02-20 22:02:15] [RUN] Tooling check complete.
[2026-02-20 22:02:15] [RUN] Recalling to first mining spot.
[2026-02-20 22:02:15] [RUN] Recalling to mining rune 76.
[2026-02-20 22:02:19] [RUN] Recalling home to unload.
[2026-02-20 22:02:26] [RUN] Unloading resources to containers.
[2026-02-20 22:02:26] [RUN] Unload: 15 items in backpack.
[2026-02-20 22:02:27] [RUN] Restocking ingots from drop container.
[2026-02-20 22:02:28] [RUN] Ensuring at least two shovels.
[2026-02-20 22:02:28] [RUN] No DB craft path found for shovel.
[2026-02-20 22:02:29] [RUN] No DB craft path found for shovel.
[2026-02-20 22:02:29] [RUN] No DB craft path found for shovel.
[2026-02-20 22:02:30] [RUN] Crafting shovels failed repeatedly. Stopping attempt.
[2026-02-20 22:02:30] [RUN] No DB craft path found for shovel.
[2026-02-20 22:02:31] [RUN] Recalling to mining rune 77.
[2026-02-20 22:11:23] [RUN] You are out of mining equipment.
[2026-02-20 22:11:23] [RUN] AutoMiner loaded. Press Start on the gump to begin.
[2026-02-20 22:11:25] [RUN] Craftables.db primes crafting paths
[2026-02-20 22:11:25] [RUN] Mining: ON
[2026-02-20 22:11:25] [RUN] Mining started...
[2026-02-20 22:11:25] [RUN] Shovel path lookup server=UOAlive item_buttons=[] material_buttons=[7, 6]
[2026-02-20 22:11:25] [RUN] No DB craft path found for shovel.
[2026-02-20 22:11:25] [RUN] Tooling check complete.
[2026-02-20 22:11:25] [RUN] Recalling to first mining spot.
[2026-02-20 22:11:25] [RUN] Recalling to mining rune 76.
[2026-02-20 22:11:29] [RUN] Recalling home to unload.
[2026-02-20 22:11:36] [RUN] Unloading resources to containers.
[2026-02-20 22:11:36] [RUN] Unload: 16 items in backpack.
[2026-02-20 22:11:38] [RUN] Restocking ingots from drop container.
[2026-02-20 22:11:39] [RUN] Ensuring at least two shovels.
[2026-02-20 22:11:39] [RUN] Shovel path lookup server=UOAlive item_buttons=[] material_buttons=[7, 6]
[2026-02-20 22:11:39] [RUN] No DB craft path found for shovel.
[2026-02-20 22:11:40] [RUN] Shovel path lookup server=UOAlive item_buttons=[] material_buttons=[7, 6]
[2026-02-20 22:11:40] [RUN] No DB craft path found for shovel.
[2026-02-20 22:11:40] [RUN] Shovel path lookup server=UOAlive item_buttons=[] material_buttons=[7, 6]
[2026-02-20 22:11:40] [RUN] No DB craft path found for shovel.
[2026-02-20 22:11:41] [RUN] Crafting shovels failed repeatedly. Stopping attempt.
[2026-02-20 22:11:41] [RUN] Shovel path lookup server=UOAlive item_buttons=[] material_buttons=[7, 6]
[2026-02-20 22:11:41] [RUN] No DB craft path found for shovel.
[2026-02-20 22:11:42] [RUN] Recalling to mining rune 77.
[2026-02-20 22:11:46] [RUN] Out of tools.
[2026-02-20 22:13:45] [RUN] You are out of mining equipment.
[2026-02-20 22:13:45] [RUN] AutoMiner loaded. Press Start on the gump to begin.
[2026-02-20 22:13:46] [RUN] Craftables.db primes crafting paths
[2026-02-20 22:13:46] [RUN] Mining: ON
[2026-02-20 22:13:46] [RUN] Mining started...
[2026-02-20 22:13:46] [RUN] Shovel path lookup server=UOAlive item_buttons=[] material_buttons=[7, 6]
[2026-02-20 22:13:46] [RUN] No DB craft path found for shovel.
[2026-02-20 22:13:46] [RUN] Tooling check complete.
[2026-02-20 22:13:46] [RUN] Recalling to first mining spot.
[2026-02-20 22:13:46] [RUN] Recalling to mining rune 76.
[2026-02-20 22:13:50] [RUN] Recalling home to unload.
[2026-02-20 22:13:57] [RUN] Unloading resources to containers.
[2026-02-20 22:13:57] [RUN] Unload: 16 items in backpack.
[2026-02-20 22:13:59] [RUN] Restocking ingots from drop container.
[2026-02-20 22:14:00] [RUN] Ensuring at least two shovels.
[2026-02-20 22:14:01] [RUN] Shovel path lookup server=UOAlive item_buttons=[] material_buttons=[7, 6]
[2026-02-20 22:14:01] [RUN] No DB craft path found for shovel.
[2026-02-20 22:14:01] [RUN] Shovel path lookup server=UOAlive item_buttons=[] material_buttons=[7, 6]
[2026-02-20 22:14:01] [RUN] No DB craft path found for shovel.
[2026-02-20 22:14:02] [RUN] Shovel path lookup server=UOAlive item_buttons=[] material_buttons=[7, 6]
[2026-02-20 22:14:02] [RUN] No DB craft path found for shovel.
[2026-02-20 22:14:02] [RUN] Crafting shovels failed repeatedly. Stopping attempt.
[2026-02-20 22:14:02] [RUN] Shovel path lookup server=UOAlive item_buttons=[] material_buttons=[7, 6]
[2026-02-20 22:14:02] [RUN] No DB craft path found for shovel.
[2026-02-20 22:14:03] [RUN] Recalling to mining rune 77.
[2026-02-20 22:14:07] [RUN] Out of tools.
[2026-02-20 22:14:50] [RUN] You are out of mining equipment.
[2026-02-20 22:14:51] [RUN] AutoMiner loaded. Press Start on the gump to begin.
[2026-02-20 22:14:53] [RUN] Craftables.db primes crafting paths
[2026-02-20 22:14:53] [RUN] Mining: ON
[2026-02-20 22:14:53] [RUN] Mining started...
[2026-02-20 22:14:53] [RUN] Shovel path lookup server=UOAlive item_buttons=[] material_buttons=[7, 6]
[2026-02-20 22:14:53] [RUN] No DB craft path found for shovel.
[2026-02-20 22:14:53] [RUN] Tooling check complete.
[2026-02-20 22:14:53] [RUN] Recalling to first mining spot.
[2026-02-20 22:14:53] [RUN] Recalling to mining rune 76.
[2026-02-20 22:14:57] [RUN] Recalling home to unload.
[2026-02-20 22:15:04] [RUN] Unloading resources to containers.
[2026-02-20 22:15:04] [RUN] Unload: 16 items in backpack.
[2026-02-20 22:15:06] [RUN] Restocking ingots from drop container.
[2026-02-20 22:15:07] [RUN] Ensuring at least two shovels.
[2026-02-20 22:15:07] [RUN] Shovel path lookup server=UOAlive item_buttons=[] material_buttons=[7, 6]
[2026-02-20 22:15:07] [RUN] No DB craft path found for shovel.
[2026-02-20 22:15:08] [RUN] Shovel path lookup server=UOAlive item_buttons=[] material_buttons=[7, 6]
[2026-02-20 22:15:08] [RUN] No DB craft path found for shovel.
[2026-02-20 22:15:08] [RUN] Shovel path lookup server=UOAlive item_buttons=[] material_buttons=[7, 6]
[2026-02-20 22:15:08] [RUN] No DB craft path found for shovel.
[2026-02-20 22:15:09] [RUN] Crafting shovels failed repeatedly. Stopping attempt.
[2026-02-20 22:15:09] [RUN] Shovel path lookup server=UOAlive item_buttons=[] material_buttons=[7, 6]
[2026-02-20 22:15:09] [RUN] No DB craft path found for shovel.
[2026-02-20 22:15:10] [RUN] Recalling to mining rune 77.
[2026-02-20 22:15:14] [RUN] Out of tools.
[2026-02-20 22:20:38] [RUN] You are out of mining equipment.
[2026-02-20 22:20:38] [RUN] AutoMiner loaded. Press Start on the gump to begin.
[2026-02-20 22:20:49] [RUN] Tile caches cleared for fresh run start
[2026-02-20 22:20:49] [RUN] Craftables.db caches cleared; forcing fresh craft-path prime
[2026-02-20 22:20:49] [RUN] Mining: ON
[2026-02-20 22:20:49] [RUN] Mining started...
[2026-02-20 22:20:49] [RUN] Shovel path lookup server=UOAlive item_buttons=[] material_buttons=[7, 6]
[2026-02-20 22:20:49] [RUN] No DB craft path found for shovel.
[2026-02-20 22:20:49] [RUN] Tooling check complete.
[2026-02-20 22:20:49] [RUN] Recalling to first mining spot.
[2026-02-20 22:20:49] [RUN] Recalling to mining rune 76.
[2026-02-20 22:20:53] [RUN] Recalling home to unload.
[2026-02-20 22:21:00] [RUN] Unloading resources to containers.
[2026-02-20 22:21:00] [RUN] Unload: 16 items in backpack.
[2026-02-20 22:21:02] [RUN] Restocking ingots from drop container.
[2026-02-20 22:21:03] [RUN] Ensuring at least two shovels.
[2026-02-20 22:21:03] [RUN] Shovel path lookup server=UOAlive item_buttons=[] material_buttons=[7, 6]
[2026-02-20 22:21:03] [RUN] No DB craft path found for shovel.
[2026-02-20 22:21:04] [RUN] Shovel path lookup server=UOAlive item_buttons=[] material_buttons=[7, 6]
[2026-02-20 22:21:04] [RUN] No DB craft path found for shovel.
[2026-02-20 22:21:04] [RUN] Shovel path lookup server=UOAlive item_buttons=[] material_buttons=[7, 6]
[2026-02-20 22:21:04] [RUN] No DB craft path found for shovel.
[2026-02-20 22:21:05] [RUN] Crafting shovels failed repeatedly. Stopping attempt.
[2026-02-20 22:21:05] [RUN] Shovel path lookup server=UOAlive item_buttons=[] material_buttons=[7, 6]
[2026-02-20 22:21:05] [RUN] No DB craft path found for shovel.
[2026-02-20 22:21:06] [RUN] Recalling to mining rune 77.
[2026-02-20 22:21:07] [RUN] Mining: OFF
[2026-02-20 22:27:36] [RUN] You are out of mining equipment.
[2026-02-20 22:27:36] [RUN] AutoMiner loaded. Press Start on the gump to begin.
[2026-02-20 22:27:41] [RUN] Tile caches cleared for fresh run start
[2026-02-20 22:27:41] [RUN] Craftables.db caches cleared; forcing fresh craft-path prime
[2026-02-20 22:27:41] [RUN] Mining: ON
[2026-02-20 22:27:41] [RUN] Mining started...
[2026-02-20 22:27:41] [RUN] Shovel path lookup server=UOAlive item_buttons=[] material_buttons=[7, 6]
[2026-02-20 22:27:41] [RUN] No DB craft path found for shovel.
[2026-02-20 22:27:41] [RUN] Tooling check complete.
[2026-02-20 22:27:41] [RUN] Recalling to first mining spot.
[2026-02-20 22:27:41] [RUN] Recalling to mining rune 76.
[2026-02-20 22:27:45] [RUN] Recalling home to unload.
[2026-02-20 22:27:52] [RUN] Unloading resources to containers.
[2026-02-20 22:27:52] [RUN] Unload: 16 items in backpack.
[2026-02-20 22:27:54] [RUN] Restocking ingots from drop container.
[2026-02-20 22:27:55] [RUN] Ensuring at least two shovels.
[2026-02-20 22:27:55] [RUN] Shovel path lookup server=UOAlive item_buttons=[] material_buttons=[7, 6]
[2026-02-20 22:27:55] [RUN] No DB craft path found for shovel.
[2026-02-20 22:27:56] [RUN] Shovel path lookup server=UOAlive item_buttons=[] material_buttons=[7, 6]
[2026-02-20 22:27:56] [RUN] No DB craft path found for shovel.
[2026-02-20 22:27:56] [RUN] Shovel path lookup server=UOAlive item_buttons=[] material_buttons=[7, 6]
[2026-02-20 22:27:56] [RUN] No DB craft path found for shovel.
[2026-02-20 22:27:57] [RUN] Crafting shovels failed repeatedly. Stopping attempt.
[2026-02-20 22:27:57] [RUN] Shovel path lookup server=UOAlive item_buttons=[] material_buttons=[7, 6]
[2026-02-20 22:27:57] [RUN] No DB craft path found for shovel.
[2026-02-20 22:27:58] [RUN] Recalling to mining rune 77.
[2026-02-20 22:28:02] [RUN] Out of tools.
[2026-02-20 22:28:21] [RUN] You are out of mining equipment.
[2026-02-20 22:28:21] [RUN] AutoMiner loaded. Press Start on the gump to begin.
[2026-02-20 22:28:32] [RUN] Tile caches cleared for fresh run start
[2026-02-20 22:28:32] [RUN] Craftables.db caches cleared; forcing fresh craft-path prime
[2026-02-20 22:28:32] [RUN] Mining: ON
[2026-02-20 22:28:32] [RUN] Mining started...
[2026-02-20 22:28:32] [RUN] Shovel path lookup server=UOAlive item_buttons=[] material_buttons=[7, 6]
[2026-02-20 22:28:32] [RUN] No DB craft path found for shovel.
[2026-02-20 22:28:32] [RUN] Tooling check complete.
[2026-02-20 22:28:32] [RUN] Recalling to first mining spot.
[2026-02-20 22:28:32] [RUN] Recalling to mining rune 76.
[2026-02-20 22:28:36] [RUN] Recalling home to unload.
[2026-02-20 22:28:36] [RUN] Mining: OFF
[2026-02-20 22:30:13] [RUN] You are out of mining equipment.
[2026-02-20 22:30:13] [RUN] AutoMiner loaded. Press Start on the gump to begin.
[2026-02-20 22:30:17] [RUN] Tile caches cleared for fresh run start
[2026-02-20 22:30:17] [RUN] Craftables.db caches cleared; forcing fresh craft-path prime
[2026-02-20 22:30:17] [RUN] Recipe DB path: F:\Games\Ultima Online\Clients\TazUO\TazUO\LegionScripts\Databases\craftables.db
[2026-02-20 22:30:17] [RUN] Mining: ON
[2026-02-20 22:30:17] [RUN] Mining started...
[2026-02-20 22:30:17] [RUN] Recipe DB path: F:\Games\Ultima Online\Clients\TazUO\TazUO\LegionScripts\Databases\craftables.db
[2026-02-20 22:30:17] [RUN] Shovel path lookup server=UOAlive item_buttons=[] material_buttons=[7, 6]
[2026-02-20 22:30:17] [RUN] No DB craft path found for shovel.
[2026-02-20 22:30:17] [RUN] Tooling check complete.
[2026-02-20 22:30:17] [RUN] Recalling to first mining spot.
[2026-02-20 22:30:17] [RUN] Recalling to mining rune 76.
[2026-02-20 22:30:21] [RUN] Recalling home to unload.
[2026-02-20 22:30:24] [RUN] Mining: OFF
[2026-02-20 22:33:26] [RUN] You are out of mining equipment.
[2026-02-20 22:33:26] [RUN] AutoMiner loaded. Press Start on the gump to begin.
[2026-02-20 22:33:35] [RUN] Tile caches cleared for fresh run start
[2026-02-20 22:33:35] [RUN] Craftables.db caches cleared; forcing fresh craft-path prime
[2026-02-20 22:33:35] [RUN] Recipe DB path: F:\Games\Ultima Online\Clients\TazUO\TazUO\LegionScripts\Databases\craftables.db
[2026-02-20 22:33:35] [RUN] Mining: ON
[2026-02-20 22:33:35] [RUN] Mining started...
[2026-02-20 22:33:35] [RUN] Recipe DB path: F:\Games\Ultima Online\Clients\TazUO\TazUO\LegionScripts\Databases\craftables.db
[2026-02-20 22:33:35] [RUN] Shovel path lookup server=UOAlive item_buttons=[] material_buttons=[7, 6]
[2026-02-20 22:33:35] [RUN] No DB craft path found for shovel.
[2026-02-20 22:33:35] [RUN] Tooling check complete.
[2026-02-20 22:33:35] [RUN] Recalling to first mining spot.
[2026-02-20 22:33:35] [RUN] Recalling to mining rune 76.
[2026-02-20 22:33:39] [RUN] Recalling home to unload.
[2026-02-20 22:33:44] [RUN] Mining: OFF
[2026-02-20 22:39:40] [RUN] You are out of mining equipment.
[2026-02-20 22:39:40] [RUN] AutoMiner loaded. Press Start on the gump to begin.
[2026-02-20 22:40:00] [RUN] You are out of mining equipment.
[2026-02-20 22:40:00] [RUN] AutoMiner loaded. Press Start on the gump to begin.
[2026-02-20 22:40:02] [RUN] Tile caches cleared for fresh run start
[2026-02-20 22:40:02] [RUN] Craftables.db caches cleared; forcing fresh craft-path prime
[2026-02-20 22:40:02] [RUN] Recipe DB path: F:\Games\Ultima Online\Clients\TazUO\TazUO\LegionScripts\Databases\craftables.db
[2026-02-20 22:40:02] [RUN] Mining: ON
[2026-02-20 22:40:02] [RUN] Mining started...
[2026-02-20 22:40:02] [RUN] Recipe DB path: F:\Games\Ultima Online\Clients\TazUO\TazUO\LegionScripts\Databases\craftables.db
[2026-02-20 22:40:02] [RUN] Shovel path lookup server=UOAlive item_buttons=[] material_buttons=[7, 6]
[2026-02-20 22:40:02] [RUN] No DB craft path found for shovel.
[2026-02-20 22:40:02] [RUN] Tooling check complete.
[2026-02-20 22:40:02] [RUN] Recalling to first mining spot.
[2026-02-20 22:40:02] [RUN] Recalling to mining rune 76.
[2026-02-20 22:40:06] [RUN] Recalling home to unload.
[2026-02-20 22:40:13] [RUN] Unloading resources to containers.
[2026-02-20 22:40:13] [RUN] Unload: 16 items in backpack.
[2026-02-20 22:40:14] [RUN] Restocking ingots from drop container.
[2026-02-20 22:40:16] [RUN] Ensuring at least two shovels.
[2026-02-20 22:40:16] [RUN] Recipe DB path: F:\Games\Ultima Online\Clients\TazUO\TazUO\LegionScripts\Databases\craftables.db
[2026-02-20 22:40:16] [RUN] Shovel path lookup server=UOAlive item_buttons=[] material_buttons=[7, 6]
[2026-02-20 22:40:16] [RUN] No DB craft path found for shovel.
[2026-02-20 22:40:17] [RUN] Recipe DB path: F:\Games\Ultima Online\Clients\TazUO\TazUO\LegionScripts\Databases\craftables.db
[2026-02-20 22:40:17] [RUN] Shovel path lookup server=UOAlive item_buttons=[] material_buttons=[7, 6]
[2026-02-20 22:40:17] [RUN] No DB craft path found for shovel.
[2026-02-20 22:40:17] [RUN] Recipe DB path: F:\Games\Ultima Online\Clients\TazUO\TazUO\LegionScripts\Databases\craftables.db
[2026-02-20 22:40:17] [RUN] Shovel path lookup server=UOAlive item_buttons=[] material_buttons=[7, 6]
[2026-02-20 22:40:17] [RUN] No DB craft path found for shovel.
[2026-02-20 22:40:18] [RUN] Crafting shovels failed repeatedly. Stopping attempt.
[2026-02-20 22:40:18] [RUN] Recipe DB path: F:\Games\Ultima Online\Clients\TazUO\TazUO\LegionScripts\Databases\craftables.db
[2026-02-20 22:40:18] [RUN] Shovel path lookup server=UOAlive item_buttons=[] material_buttons=[7, 6]
[2026-02-20 22:40:18] [RUN] No DB craft path found for shovel.
[2026-02-20 22:40:19] [RUN] Recalling to mining rune 77.
[2026-02-20 22:53:20] [RUN] You are out of mining equipment.
[2026-02-20 22:53:20] [RUN] AutoMiner loaded. Press Start on the gump to begin.
[2026-02-20 22:53:24] [RUN] Tile caches cleared for fresh run start
[2026-02-20 22:53:24] [RUN] Craftables.db caches cleared; forcing fresh craft-path prime
[2026-02-20 22:53:24] [RUN] Recipe DB path: F:\Games\Ultima Online\Clients\TazUO\TazUO\LegionScripts\Databases\craftables.db
[2026-02-20 22:53:24] [RUN] Recipe prime server=UOAlive shovel=[] tools=[] material=[]
[2026-02-20 22:53:24] [RUN] Mining: ON
[2026-02-20 22:53:24] [RUN] Mining started...
[2026-02-20 22:53:24] [RUN] Recipe DB path: F:\Games\Ultima Online\Clients\TazUO\TazUO\LegionScripts\Databases\craftables.db
[2026-02-20 22:53:24] [RUN] Recipe prime server=UOAlive shovel=[] tools=[] material=[]
[2026-02-20 22:53:24] [RUN] Shovel path lookup server=UOAlive item_buttons=[] material_buttons=[7, 6]
[2026-02-20 22:53:24] [RUN] No DB craft path found for shovel.
[2026-02-20 22:53:24] [RUN] Tooling check complete.
[2026-02-20 22:53:24] [RUN] Recalling to first mining spot.
[2026-02-20 22:53:24] [RUN] Recalling to mining rune 76.
[2026-02-20 22:53:28] [RUN] Recalling home to unload.
[2026-02-20 22:53:35] [RUN] Unloading resources to containers.
[2026-02-20 22:53:35] [RUN] Unload: 16 items in backpack.
[2026-02-20 22:53:36] [RUN] Restocking ingots from drop container.
[2026-02-20 22:53:37] [RUN] Ensuring at least two shovels.
[2026-02-20 22:53:38] [RUN] Recipe DB path: F:\Games\Ultima Online\Clients\TazUO\TazUO\LegionScripts\Databases\craftables.db
[2026-02-20 22:53:38] [RUN] Recipe prime server=UOAlive shovel=[] tools=[] material=[]
[2026-02-20 22:53:38] [RUN] Shovel path lookup server=UOAlive item_buttons=[] material_buttons=[7, 6]
[2026-02-20 22:53:38] [RUN] No DB craft path found for shovel.
[2026-02-20 22:53:39] [RUN] Recipe DB path: F:\Games\Ultima Online\Clients\TazUO\TazUO\LegionScripts\Databases\craftables.db
[2026-02-20 22:53:39] [RUN] Recipe prime server=UOAlive shovel=[] tools=[] material=[]
[2026-02-20 22:53:39] [RUN] Shovel path lookup server=UOAlive item_buttons=[] material_buttons=[7, 6]
[2026-02-20 22:53:39] [RUN] No DB craft path found for shovel.
[2026-02-20 22:53:39] [RUN] Recipe DB path: F:\Games\Ultima Online\Clients\TazUO\TazUO\LegionScripts\Databases\craftables.db
[2026-02-20 22:53:39] [RUN] Recipe prime server=UOAlive shovel=[] tools=[] material=[]
[2026-02-20 22:53:39] [RUN] Shovel path lookup server=UOAlive item_buttons=[] material_buttons=[7, 6]
[2026-02-20 22:53:39] [RUN] No DB craft path found for shovel.
[2026-02-20 22:53:40] [RUN] Crafting shovels failed repeatedly. Stopping attempt.
[2026-02-20 22:53:40] [RUN] Recipe DB path: F:\Games\Ultima Online\Clients\TazUO\TazUO\LegionScripts\Databases\craftables.db
[2026-02-20 22:53:40] [RUN] Recipe prime server=UOAlive shovel=[] tools=[] material=[]
[2026-02-20 22:53:40] [RUN] Shovel path lookup server=UOAlive item_buttons=[] material_buttons=[7, 6]
[2026-02-20 22:53:40] [RUN] No DB craft path found for shovel.
[2026-02-20 22:53:41] [RUN] Recalling to mining rune 77.
[2026-02-20 22:53:58] [RUN] You are out of mining equipment.
[2026-02-20 22:53:58] [RUN] AutoMiner loaded. Press Start on the gump to begin.
[2026-02-20 22:54:05] [RUN] Tile caches cleared for fresh run start
[2026-02-20 22:54:05] [RUN] Craftables.db caches cleared; forcing fresh craft-path prime
[2026-02-20 22:54:05] [RUN] Recipe DB path: F:\Games\Ultima Online\Clients\TazUO\TazUO\LegionScripts\Databases\craftables.db
[2026-02-20 22:54:05] [RUN] Recipe prime server=UOAlive shovel=[] tools=[] material=[]
[2026-02-20 22:54:05] [RUN] Mining: ON
[2026-02-20 22:54:05] [RUN] Mining started...
[2026-02-20 22:54:05] [RUN] Recipe DB path: F:\Games\Ultima Online\Clients\TazUO\TazUO\LegionScripts\Databases\craftables.db
[2026-02-20 22:54:05] [RUN] Recipe prime server=UOAlive shovel=[] tools=[] material=[]
[2026-02-20 22:54:05] [RUN] Shovel path lookup server=UOAlive item_buttons=[] material_buttons=[7, 6]
[2026-02-20 22:54:05] [RUN] No DB craft path found for shovel.
[2026-02-20 22:54:05] [RUN] Tooling check complete.
[2026-02-20 22:54:05] [RUN] Recalling to first mining spot.
[2026-02-20 22:54:05] [RUN] Recalling to mining rune 76.
[2026-02-20 22:54:09] [RUN] Recalling home to unload.
[2026-02-20 22:54:10] [RUN] Mining: OFF
[2026-02-20 22:56:37] [RUN] You are out of mining equipment.
[2026-02-20 22:56:37] [RUN] AutoMiner loaded. Press Start on the gump to begin.
[2026-02-20 22:56:44] [RUN] Tile caches cleared for fresh run start
[2026-02-20 22:56:44] [RUN] Craftables.db caches cleared; forcing fresh craft-path prime
[2026-02-20 22:56:44] [RUN] Recipe DB path: F:\Games\Ultima Online\Clients\TazUO\TazUO\LegionScripts\Databases\craftables.db
[2026-02-20 22:56:44] [RUN] Recipe prime server=UOAlive shovel=[] tools=[] material=[]
[2026-02-20 22:56:44] [RUN] Mining: ON
[2026-02-20 22:56:44] [RUN] Mining started...
[2026-02-20 23:01:08] [RUN] You are out of mining equipment.
[2026-02-20 23:01:08] [RUN] AutoMiner loaded. Press Start on the gump to begin.
[2026-02-20 23:01:14] [RUN] Tile caches cleared for fresh run start
[2026-02-20 23:01:14] [RUN] Craftables.db caches cleared; forcing fresh craft-path prime
[2026-02-20 23:01:14] [RUN] Recipe DB path: F:\Games\Ultima Online\Clients\TazUO\TazUO\LegionScripts\Databases\craftables.db
[2026-02-20 23:01:14] [RUN] Recipe prime server=UOAlive shovel=[] tools=[] material=[]
[2026-02-20 23:01:14] [RUN] Mining: ON
[2026-02-20 23:01:14] [RUN] Mining started...
[2026-02-20 23:01:14] [RUN] Recipe DB path: F:\Games\Ultima Online\Clients\TazUO\TazUO\LegionScripts\Databases\craftables.db
[2026-02-20 23:01:14] [RUN] Recipe prime server=UOAlive shovel=[] tools=[] material=[]
[2026-02-20 23:01:14] [RUN] Shovel path lookup server=UOAlive item_buttons=[] material_buttons=[7, 6]
[2026-02-20 23:01:14] [RUN] No DB craft path found for shovel.
[2026-02-20 23:01:14] [RUN] Tooling check complete.
[2026-02-20 23:01:14] [RUN] Recalling to first mining spot.
[2026-02-20 23:01:14] [RUN] Recalling to mining rune 76.
[2026-02-20 23:01:18] [RUN] Recalling home to unload.
[2026-02-20 23:01:25] [RUN] Unloading resources to containers.
[2026-02-20 23:01:25] [RUN] Unload: 17 items in backpack.
[2026-02-20 23:01:27] [RUN] Restocking ingots from drop container.
[2026-02-20 23:01:28] [RUN] Ensuring at least two shovels.
[2026-02-20 23:01:28] [RUN] Recipe DB path: F:\Games\Ultima Online\Clients\TazUO\TazUO\LegionScripts\Databases\craftables.db
[2026-02-20 23:01:28] [RUN] Recipe prime server=UOAlive shovel=[] tools=[] material=[]
[2026-02-20 23:01:28] [RUN] Shovel path lookup server=UOAlive item_buttons=[] material_buttons=[7, 6]
[2026-02-20 23:01:28] [RUN] No DB craft path found for shovel.
[2026-02-20 23:01:29] [RUN] Recipe DB path: F:\Games\Ultima Online\Clients\TazUO\TazUO\LegionScripts\Databases\craftables.db
[2026-02-20 23:01:29] [RUN] Recipe prime server=UOAlive shovel=[] tools=[] material=[]
[2026-02-20 23:01:29] [RUN] Shovel path lookup server=UOAlive item_buttons=[] material_buttons=[7, 6]
[2026-02-20 23:01:29] [RUN] No DB craft path found for shovel.
[2026-02-20 23:01:29] [RUN] Recipe DB path: F:\Games\Ultima Online\Clients\TazUO\TazUO\LegionScripts\Databases\craftables.db
[2026-02-20 23:01:29] [RUN] Recipe prime server=UOAlive shovel=[] tools=[] material=[]
[2026-02-20 23:01:29] [RUN] Shovel path lookup server=UOAlive item_buttons=[] material_buttons=[7, 6]
[2026-02-20 23:01:29] [RUN] No DB craft path found for shovel.
[2026-02-20 23:01:30] [RUN] Crafting shovels failed repeatedly. Stopping attempt.
[2026-02-20 23:01:30] [RUN] Recipe DB path: F:\Games\Ultima Online\Clients\TazUO\TazUO\LegionScripts\Databases\craftables.db
[2026-02-20 23:01:30] [RUN] Recipe prime server=UOAlive shovel=[] tools=[] material=[]
[2026-02-20 23:01:30] [RUN] Shovel path lookup server=UOAlive item_buttons=[] material_buttons=[7, 6]
[2026-02-20 23:01:30] [RUN] No DB craft path found for shovel.
[2026-02-20 23:01:31] [RUN] Mining: OFF
[2026-02-20 23:01:31] [RUN] Recalling to mining rune 77.
[2026-02-20 23:06:37] [RUN] You are out of mining equipment.
[2026-02-20 23:06:37] [RUN] AutoMiner loaded. Press Start on the gump to begin.
[2026-02-20 23:06:42] [RUN] Tile caches cleared for fresh run start
[2026-02-20 23:06:42] [RUN] Craftables.db caches cleared; forcing fresh craft-path prime
[2026-02-20 23:06:42] [RUN] Recipe DB path: F:\Games\Ultima Online\Clients\TazUO\TazUO\LegionScripts\Databases\craftables.db
[2026-02-20 23:06:42] [RUN] Recipe prime server=UOAlive shovel=[] tools=[] material=[]
[2026-02-20 23:06:42] [RUN] Mining: ON
[2026-02-20 23:06:42] [RUN] Mining started...
[2026-02-20 23:06:42] [RUN] Recipe DB path: F:\Games\Ultima Online\Clients\TazUO\TazUO\LegionScripts\Databases\craftables.db
[2026-02-20 23:06:42] [RUN] Recipe prime server=UOAlive shovel=[] tools=[] material=[]
[2026-02-20 23:06:42] [RUN] Direct DB item path query failed server=UOAlive prof=Tinker item=shovel err=malformed database schema (uq_saved_recipe_natural) - near "(": syntax error
[2026-02-20 23:06:42] [RUN] Direct DB item path query failed server=UOAlive prof=Tinkering item=shovel err=malformed database schema (uq_saved_recipe_natural) - near "(": syntax error
[2026-02-20 23:06:42] [RUN] Direct DB material path query failed server=UOAlive prof=Tinker key=ingot_iron err=malformed database schema (uq_saved_recipe_natural) - near "(": syntax error
[2026-02-20 23:06:42] [RUN] Direct DB material path query failed server=UOAlive prof=Tinkering key=ingot_iron err=malformed database schema (uq_saved_recipe_natural) - near "(": syntax error
[2026-02-20 23:06:42] [RUN] Shovel path lookup server=UOAlive item_buttons=[] material_buttons=[]
[2026-02-20 23:06:42] [RUN] No DB craft path found for shovel.
[2026-02-20 23:06:42] [RUN] Tooling check complete.
[2026-02-20 23:06:42] [RUN] Recalling to first mining spot.
[2026-02-20 23:06:42] [RUN] Recalling to mining rune 76.
[2026-02-20 23:06:46] [RUN] Recalling home to unload.
[2026-02-20 23:13:20] [RUN] You are out of mining equipment.
[2026-02-20 23:13:20] [RUN] AutoMiner loaded. Press Start on the gump to begin.
[2026-02-20 23:13:24] [RUN] Tile caches cleared for fresh run start
[2026-02-20 23:13:24] [RUN] Craftables.db caches cleared; forcing fresh craft-path prime
[2026-02-20 23:13:24] [RUN] Recipe DB path: F:\Games\Ultima Online\Clients\TazUO\TazUO\LegionScripts\Databases\craftables.db
[2026-02-20 23:13:24] [RUN] Mining: ON
[2026-02-20 23:13:24] [RUN] Mining started...
[2026-02-20 23:13:24] [RUN] Shovel path lookup server=UOAlive item_buttons=[41, 202] material_buttons=[]
[2026-02-20 23:13:24] [RUN] No DB material path found for shovel.
[2026-02-20 23:13:24] [RUN] Tooling check complete.
[2026-02-20 23:13:24] [RUN] Recalling to first mining spot.
[2026-02-20 23:13:24] [RUN] Recalling to mining rune 76.
[2026-02-20 23:13:28] [RUN] Recalling home to unload.
[2026-02-20 23:17:31] [RUN] You are out of mining equipment.
[2026-02-20 23:17:31] [RUN] AutoMiner loaded. Press Start on the gump to begin.
[2026-02-20 23:17:36] [RUN] Tile caches cleared for fresh run start
[2026-02-20 23:17:36] [RUN] Craftables.db caches cleared; forcing fresh craft-path prime
[2026-02-20 23:17:36] [RUN] Recipe DB path: F:\Games\Ultima Online\Clients\TazUO\TazUO\LegionScripts\Databases\craftables.db
[2026-02-20 23:17:36] [RUN] Mining: ON
[2026-02-20 23:17:36] [RUN] Mining started...
[2026-02-20 23:17:37] [RUN] Direct DB item path hit server=UOAlive prof=Tinker item=shovel buttons=[41, 202] default_material_option_id=4
[2026-02-20 23:17:37] [RUN] Direct DB material path hit server=UOAlive material_option_id=4 buttons=[7, 6]
[2026-02-20 23:17:37] [RUN] Shovel path lookup server=UOAlive item_buttons=[41, 202] material_buttons=[7, 6]
[2026-02-20 23:17:40] [RUN] Tinker gump not found.
[2026-02-20 23:17:40] [RUN] Tooling check complete.
[2026-02-20 23:17:40] [RUN] Recalling to first mining spot.
[2026-02-20 23:17:40] [RUN] Recalling to mining rune 76.
[2026-02-20 23:17:43] [RUN] Recalling home to unload.
[2026-02-20 23:17:50] [RUN] Unloading resources to containers.
[2026-02-20 23:17:50] [RUN] Unload: 16 items in backpack.
[2026-02-20 23:17:52] [RUN] Restocking ingots from drop container.
[2026-02-20 23:17:53] [RUN] Ensuring at least two shovels.
[2026-02-20 23:17:54] [RUN] Shovel path lookup server=UOAlive item_buttons=[41, 202] material_buttons=[7, 6]
[2026-02-20 23:17:57] [RUN] Tinker gump not found.
[2026-02-20 23:17:57] [RUN] Shovel path lookup server=UOAlive item_buttons=[41, 202] material_buttons=[7, 6]
[2026-02-20 23:18:00] [RUN] Tinker gump not found.
[2026-02-20 23:18:01] [RUN] Shovel path lookup server=UOAlive item_buttons=[41, 202] material_buttons=[7, 6]
[2026-02-20 23:18:04] [RUN] Tinker gump not found.
[2026-02-20 23:18:04] [RUN] Crafting shovels failed repeatedly. Stopping attempt.
[2026-02-20 23:18:04] [RUN] Shovel path lookup server=UOAlive item_buttons=[41, 202] material_buttons=[7, 6]
[2026-02-20 23:21:20] [RUN] You are out of mining equipment.
[2026-02-20 23:21:20] [RUN] AutoMiner loaded. Press Start on the gump to begin.
[2026-02-20 23:21:24] [RUN] Tile caches cleared for fresh run start
[2026-02-20 23:21:24] [RUN] Craftables.db caches cleared; forcing fresh craft-path prime
[2026-02-20 23:21:24] [RUN] Recipe DB path: F:\Games\Ultima Online\Clients\TazUO\TazUO\LegionScripts\Databases\craftables.db
[2026-02-20 23:21:25] [RUN] Mining: ON
[2026-02-20 23:21:25] [RUN] Mining started...
[2026-02-20 23:21:25] [RUN] Direct DB item path hit server=UOAlive prof=Tinker item=shovel buttons=[41, 202] default_material_option_id=4
[2026-02-20 23:21:25] [RUN] Direct DB material path hit server=UOAlive material_option_id=4 buttons=[7, 6]
[2026-02-20 23:21:25] [RUN] Shovel path lookup server=UOAlive item_buttons=[41, 202] material_buttons=[7, 6]
[2026-02-20 23:21:31] [RUN] Tinker material selection failed.
[2026-02-20 23:21:31] [RUN] Tooling check complete.
[2026-02-20 23:21:31] [RUN] Recalling to first mining spot.
[2026-02-20 23:21:31] [RUN] Recalling to mining rune 76.
[2026-02-20 23:21:34] [RUN] Recalling home to unload.
[2026-02-20 23:21:41] [RUN] Unloading resources to containers.
[2026-02-20 23:21:41] [RUN] Unload: 15 items in backpack.
[2026-02-20 23:21:42] [RUN] Restocking ingots from drop container.
[2026-02-20 23:21:43] [RUN] Ensuring at least two shovels.
[2026-02-20 23:21:44] [RUN] Shovel path lookup server=UOAlive item_buttons=[41, 202] material_buttons=[7, 6]
[2026-02-20 23:21:49] [RUN] Tinker material selection failed.
[2026-02-20 23:21:50] [RUN] Shovel path lookup server=UOAlive item_buttons=[41, 202] material_buttons=[7, 6]
[2026-02-20 23:21:56] [RUN] Tinker material selection failed.
[2026-02-20 23:21:56] [RUN] Mining: OFF
[2026-02-20 23:24:51] [RUN] You are out of mining equipment.
[2026-02-20 23:24:51] [RUN] AutoMiner loaded. Press Start on the gump to begin.
[2026-02-20 23:24:52] [RUN] Tile caches cleared for fresh run start
[2026-02-20 23:24:52] [RUN] Craftables.db caches cleared; forcing fresh craft-path prime
[2026-02-20 23:24:52] [RUN] Recipe DB path: F:\Games\Ultima Online\Clients\TazUO\TazUO\LegionScripts\Databases\craftables.db
[2026-02-20 23:24:52] [RUN] Mining: ON
[2026-02-20 23:24:52] [RUN] Mining started...
[2026-02-20 23:24:52] [RUN] Direct DB item path hit server=UOAlive prof=Tinker item=shovel buttons=[41, 202] default_material_option_id=4
[2026-02-20 23:24:52] [RUN] Direct DB material path hit server=UOAlive material_option_id=4 buttons=[7, 6]
[2026-02-20 23:24:52] [RUN] Shovel path lookup server=UOAlive item_buttons=[41, 202] material_buttons=[7, 6]
[2026-02-20 23:24:58] [RUN] Tooling check complete.
[2026-02-20 23:24:58] [RUN] Recalling to first mining spot.
[2026-02-20 23:24:58] [RUN] Recalling to mining rune 76.
[2026-02-20 23:25:02] [RUN] Recalling home to unload.
[2026-02-20 23:25:09] [RUN] Unloading resources to containers.
[2026-02-20 23:25:09] [RUN] Unload: 16 items in backpack.
[2026-02-20 23:25:10] [RUN] Restocking ingots from drop container.
[2026-02-20 23:25:12] [RUN] Ensuring at least two shovels.
[2026-02-20 23:25:12] [RUN] Shovel path lookup server=UOAlive item_buttons=[41, 202] material_buttons=[7, 6]
[2026-02-20 23:25:18] [RUN] Tinker material selection failed.
[2026-02-20 23:25:19] [RUN] Shovel path lookup server=UOAlive item_buttons=[41, 202] material_buttons=[7, 6]
